Optimizing /h/ywang30/nofib/shootout/fannkuch-redux
>>>>>>>>>>>>>>>START OPTIMIZATION>>>>>>>>>>>>>>>
pop: 13
gens: 15
arch: 7
limit is: 5.482
runproj limit: 5.482
"All is well :D"
Basetime is: 1.0e-2
runproj limit: 5.482
010000000000000001000001010010100101010101011001000001100010100010101000001001100000000 1.0e-2
runproj limit: 5.482
001000000010000001011001010010010101010101010001000001000010100100101000000000000000000 1.0e-2
runproj limit: 5.482
000000000001000001101001110100000101010101011101000101001010100000001000000010000010000 1.0e-2
runproj limit: 5.482
000000000001000001101001111010100101111100010001000101000010111000001000100000000000000 1.0e-2
runproj limit: 5.482
000000000000000001001001000011000101010111000001011001000010100000001000000000000000000 1.0e-2
runproj limit: 5.482
000000000000000001001001010010100101010101010001000001000010100000001000000000000000000 1.0e-2
runproj limit: 5.482
"timed out"
100000000000000001001001011110110000010111010000000001010010110000000010000000000000010 2.0e-2
runproj limit: 5.482
010000000000110001001011010010100101010101010011000000000010001000001000000000000001001 4.0e-2
runproj limit: 5.482
000010000000000001001011010000100101010101010001010001010010100010001010010000000000000 1.0e-2
runproj limit: 5.482
001000000000000001001001110010100110010111010001000101000010100001001000000000000000000 1.0e-2
runproj limit: 5.482
000001000000000011001001010010100101111101010001000001000010001100001000000010000011110 1.0e-2
runproj limit: 5.482
000000000000000001001001010010100101010101010001000001000010100000001000000000000000000 1.0e-2
runproj limit: 5.482
000000000000000001001001010000100101010101010101000001000010101100010000001001000000000 1.0e-2
best: 1.0
runproj limit: 5.482
000000000000000001101001010001000101010111011101010101001010100000001000000000000000000 1.0e-2
runproj limit: 5.482
000000000001000001001001110100100101010101011101000101000010100000001000000000000000000 1.0e-2
runproj limit: 5.482
010000000000000001001001010010100101010101010001000001000010100010001000000001100000000 1.0e-2
runproj limit: 5.482
000000000000000001001001010000100101010101010001010001000010100100001010000001000000000 1.0e-2
runproj limit: 5.482
"timed out"
101000000000000001011001011110110100010111010001000001000010110000001010000000000000010 2.0e-2
runproj limit: 5.482
000010000000000001001011010000100101110101010001010101010010111010001010000000000000000 1.0e-2
runproj limit: 5.482
000000000000000011001001010010100101111101010001000001000010101000001000000000000011000 1.0e-2
runproj limit: 5.482
000010000000000001001001010000100101010101010001010001000010100000001010000000000000000 1.0e-2
runproj limit: 5.482
001000000011110011011000110010110101011101010101010000110000000100100000110001000000001 1.0e-2
runproj limit: 5.482
000001000000100100101111000011010010110111010100001001000011100000001000000000000001101 1.0e-2
runproj limit: 5.482
000011001100011000110001000110100100011101011101000011110000100010101010000001100010101 1.0e-2
runproj limit: 5.482
010001001000100000011011010100101101010101010001110100000110111000001001000000100010010 4.0e-2
runproj limit: 5.482
011001010011000000101001110000000111011101011000111010001010100000001001000010000010000 4.0e-2
runproj limit: 5.482
010000000000000001000001010010100101010101011001000001100010100010101000001001100000000 1.0e-2
runproj limit: 5.482
001000000010000001011001010010010101010101010001000001000010100100101000000000000000000 1.0e-2
runproj limit: 5.482
000000000001000001101001110100000101010101011101000101001010100000001000000010000010000 1.0e-2
runproj limit: 5.482
000000000001000001101001111010100101111100010001000101000010111000001000100000000000000 1.0e-2
runproj limit: 5.482
000000000000000001001001000011000101010111000001011001000010100000001000000000000000000 1.0e-2
runproj limit: 5.482
000000000000000001001001010010100101010101010001000001000010100000001000000000000000000 1.0e-2
runproj limit: 5.482
000010000000000001001011010000100101010101010001010001010010100010001010010000000000000 1.0e-2
best: 1.0
runproj limit: 5.482
001000000000000001001001010110100100110101010001000001000010111000001010000000000000010 1.0e-2
runproj limit: 5.482
010000001000000001001001010000101101010101010001110000000110110010001001000001100000000 4.0e-2
runproj limit: 5.482
000001001001001000111001000010100100111100011101000001000000101010101000100000000000100 1.0e-2
runproj limit: 5.482
001000000000000001011001110010010101010101010001000101000010100000001000000000000000000 1.0e-2
runproj limit: 5.482
010000000000000001000001010010100101010101011001000001000010100010101000000001100000000 1.0e-2
runproj limit: 5.482
000000000000000001101001011000100101011100010001010001000010111000001010000001000000000 1.0e-2
runproj limit: 5.482
000000000011010001011001110001010101011111010101010100111010100100101000000001000000000 1.0e-2
runproj limit: 5.482
000000000000100000001001000011010101111101010101001001000010100000001000000000000001001 1.0e-2
runproj limit: 5.482
000000000000001001011101000010000101010001101000100001010000100000001011010110110000001 1.0e-2
runproj limit: 5.482
010100000001000000001001010110110101011101011111000001000000111011111001011001110100010 1.0e-2
runproj limit: 5.482
"timed out"
100100000001011111000001010011000101110001000011010011011110000010100001000000011010101 2.0e-2
runproj limit: 5.482
011101001101010110010011110100101010111101000101100101001110101000001011100000100001000 1.0e-2
runproj limit: 5.482
001101000011100101011110100001010011101100000101010010111000000000110100101000100100001 1.0e-2
runproj limit: 5.482
000000000000000001101001010001000101010111011101010101001010100000001000000000000000000 1.0e-2
runproj limit: 5.482
000000000001000001001001110100100101010101011101000101000010100000001000000000000000000 1.0e-2
runproj limit: 5.482
010000000000000001001001010010100101010101010001000001000010100010001000000001100000000 1.0e-2
runproj limit: 5.482
000000000000000001001001010000100101010101010001010001000010100100001010000001000000000 1.0e-2
runproj limit: 5.482
000010000000000001001011010000100101110101010001010101010010111010001010000000000000000 1.0e-2
runproj limit: 5.482
000000000000000011001001010010100101111101010001000001000010101000001000000000000011000 1.0e-2
runproj limit: 5.482
000010000000000001001001010000100101010101010001010001000010100000001010000000000000000 1.0e-2
best: 1.0
runproj limit: 5.482
010100000001001000011001000010100101010001011111100001010000100001111011011001110000001 1.0e-2
runproj limit: 5.482
000000000000000001011001010000100101010101010001010001000010100000001000000000000000000 1.0e-2
runproj limit: 5.482
000001001001000000011001010010100100111100010101000001000000101000101000100000000001100 1.0e-2
runproj limit: 5.482
000000000000001001111001010000100101110101010101010001000000100110001010100000000000100 1.0e-2
runproj limit: 5.482
000000000001010000011001110110010101011101010101010100010010111101101000010001100100000 4.0e-2
runproj limit: 5.482
000000000001000001001001110000100101010101011101000001000010100000001000000000000000000 1.0e-2
runproj limit: 5.482
010000000000000001001001010010100101010001110000000001000000100000001011000000110000000 1.0e-2
runproj limit: 5.482
001000000000000001011001110010110101010101010001010101010010101000001000000000000000000 1.0e-2
runproj limit: 5.482
000000000011010001011001111001011101011110010101010100110000000000101001001001111101101 1.0e-2
runproj limit: 5.482
011010000000100001001101010000100110111111000001000001011010011010011110001100000010110 1.0e-2
runproj limit: 5.482
011001001101011111111001000010100100011100001101100111100100101110100101100010101000010 1.0e-2
runproj limit: 5.482
000110010000000101001111001000110101110001010101010101000011100100001010010100110000000 1.0e-2
runproj limit: 5.482
011001001001000011010010100111011111111101000101100101011110100011001011100000110001010 1.0e-2
runproj limit: 5.482
001000000000000001001001010110100100110101010001000001000010111000001010000000000000010 1.0e-2
runproj limit: 5.482
000001001001001000111001000010100100111100011101000001000000101010101000100000000000100 1.0e-2
runproj limit: 5.482
001000000000000001011001110010010101010101010001000101000010100000001000000000000000000 1.0e-2
runproj limit: 5.482
010000000000000001000001010010100101010101011001000001000010100010101000000001100000000 1.0e-2
runproj limit: 5.482
000000000000000001101001011000100101011100010001010001000010111000001010000001000000000 1.0e-2
runproj limit: 5.482
000000000011010001011001110001010101011111010101010100111010100100101000000001000000000 1.0e-2
runproj limit: 5.482
000000000000100000001001000011010101111101010101001001000010100000001000000000000001001 1.0e-2
best: 1.0
runproj limit: 5.482
011000000000100001011101010010110110011111010001000001001010011010001000000000000000010 1.0e-2
runproj limit: 5.482
010000000000000000001001010010000101110001110000001001000010100000001001000000110000000 1.0e-2
runproj limit: 5.482
011000000000000001011001010000000110011101000001000101010010100010001110001100000010010 1.0e-2
runproj limit: 5.482
000000000000100001000001000011100101011101010101000001000010100010101000000001000000001 1.0e-2
runproj limit: 5.482
000000000000010001011001111001111101011100010101010100110010101000001001000000011100100 1.0e-2
runproj limit: 5.482
000000001011001000011001110011010101111100010101010100100010101010101000100001000000100 1.0e-2
runproj limit: 5.482
010100000001001000001101001010100101110001010101000001000000100100011010011100110000000 1.0e-2
runproj limit: 5.482
000000000000001001111001010000100101110101010101010001000010100110001000000000000000000 1.0e-2
runproj limit: 5.482
011100100011010000101101010010001111010011011111100001000011111001111011010101100101011 1.0e-2
runproj limit: 5.482
001100000100000101001101010010100101110001110100110011110001000000011000000000110101010 1.0e-2
runproj limit: 5.482
000011011001001000110010010010100100111100011101000100000000110000011000101000000010110 4.0e-2
runproj limit: 5.482
"timed out"
100001011010000010010001110000100100111000010101011001000100100000101001000000101001111 2.0e-2
runproj limit: 5.482
000100000001001001010111001010101101110101111111101100011001100001111011010001011100001 3.8e-2
runproj limit: 5.482
010100000001001000011001000010100101010001011111100001010000100001111011011001110000001 1.0e-2
runproj limit: 5.482
000000000000000001011001010000100101010101010001010001000010100000001000000000000000000 1.0e-2
runproj limit: 5.482
000001001001000000011001010010100100111100010101000001000000101000101000100000000001100 1.0e-2
runproj limit: 5.482
000000000000001001111001010000100101110101010101010001000000100110001010100000000000100 1.0e-2
runproj limit: 5.482
000000000001000001001001110000100101010101011101000001000010100000001000000000000000000 1.0e-2
runproj limit: 5.482
010000000000000001001001010010100101010001110000000001000000100000001011000000110000000 1.0e-2
runproj limit: 5.482
001000000000000001011001110010110101010101010001010101010010101000001000000000000000000 1.0e-2
best: 1.0
runproj limit: 5.482
001100000000001001101001010010100101110101010100110001110001000000001010000000010100010 1.0e-2
runproj limit: 5.482
000000000000001001011001111001101101011100010101010001100010100000001000000000010000100 1.0e-2
runproj limit: 5.482
001000000000000001011001110010110101010101010001010001000010100000001000000000000000000 1.0e-2
runproj limit: 5.482
000000001001000000011001110010100101110101011101010000000010100010101000100001000000000 4.0e-2
runproj limit: 5.482
000000001011001000011001110011010101111100010101010100100010101010101000100001000000100 1.0e-2
runproj limit: 5.482
000000001011001001111001110010110101111100010101010001000010100110001000000001000000100 1.0e-2
runproj limit: 5.482
011100000000101001011101011010110110011001010001000001001000001000001010001000010000000 1.0e-2
runproj limit: 5.482
000100100011000000101101110010010111010011010101100001000010101011111011110101100001000 1.0e-2
runproj limit: 5.482
011000000000100001011101110010110101010001110010010111001000000000011001010000110010001 1.0e-2
runproj limit: 5.482
"timed out"
100101000000000001010001110000000101110111001001010011100011101101000001100001000000000 2.0e-2
runproj limit: 5.482
"timed out"
101101101011100010101101110000000110000010011010100101001000000000010010000101100111011 2.0e-2
runproj limit: 5.482
000100001000101101111001010100001110110101010001010001001111110111011000101000000100000 1.0e-2
runproj limit: 5.482
010001000000101100001101010000011001011001111001010101110000110100101101010010110010001 1.0e-2
runproj limit: 5.482
011000000000100001011101010010110110011111010001000001001010011010001000000000000000010 1.0e-2
runproj limit: 5.482
010000000000000000001001010010000101110001110000001001000010100000001001000000110000000 1.0e-2
runproj limit: 5.482
011000000000000001011001010000000110011101000001000101010010100010001110001100000010010 1.0e-2
runproj limit: 5.482
000000000000100001000001000011100101011101010101000001000010100010101000000001000000001 1.0e-2
runproj limit: 5.482
000000000000010001011001111001111101011100010101010100110010101000001001000000011100100 1.0e-2
runproj limit: 5.482
000000001011001000011001110011010101111100010101010100100010101010101000100001000000100 1.0e-2
runproj limit: 5.482
010100000001001000001101001010100101110001010101000001000000100100011010011100110000000 1.0e-2
best: 1.0
runproj limit: 5.482
000000001001000000011001010011000101011101010101010001000010100010101000100001000000001 1.0e-2
runproj limit: 5.482
010000000000100000000101010010010001011101111101010001010000110100101001010010110000001 1.0e-2
runproj limit: 5.482
011100000000100001011001110010110100011001010001000001001010001000001010001000010000000 1.0e-2
runproj limit: 5.482
010000001011001101111101110010010101111000011001010101010000110100101100010011010000000 1.0e-2
runproj limit: 5.482
000000000000001001011001111000001100011100010001000001010010100000001000000100010000100 1.0e-2
runproj limit: 5.482
010000000000000001011001010010000100110101010000001001000010100000001011001000100010000 1.0e-2
runproj limit: 5.482
000000000000001001101001010010000101110001010100101001010011000000001010000000110000010 1.0e-2
runproj limit: 5.482
000000000011000000001101110010010111011000010101000100100010101011101000100001100000100 1.0e-2
runproj limit: 5.482
011001000000110011100001001110100111100000100101110001100001001000011010000110110100011 1.0e-2
runproj limit: 5.482
011111110001011100011001011100001100010100001111000001011001110011001001100011010100001 1.0e-2
runproj limit: 5.482
011110000000100000011100110000110101010101111110110010001001000001011010010000111110001 3.2e-2
runproj limit: 5.482
"timed out"
100010000110001001010001001011100001011100101101110000100001100001010011100010000100100 2.0e-2
runproj limit: 5.482
000100100001010000101000101110010110110001011111101011000010110011111011111000110010010 1.0e-2
runproj limit: 5.482
001100000000001001101001010010100101110101010100110001110001000000001010000000010100010 1.0e-2
runproj limit: 5.482
000000000000001001011001111001101101011100010101010001100010100000001000000000010000100 1.0e-2
runproj limit: 5.482
001000000000000001011001110010110101010101010001010001000010100000001000000000000000000 1.0e-2
runproj limit: 5.482
000000001011001000011001110011010101111100010101010100100010101010101000100001000000100 1.0e-2
runproj limit: 5.482
000000001011001001111001110010110101111100010101010001000010100110001000000001000000100 1.0e-2
runproj limit: 5.482
011100000000101001011101011010110110011001010001000001001000001000001010001000010000000 1.0e-2
runproj limit: 5.482
000100100011000000101101110010010111010011010101100001000010101011111011110101100001000 1.0e-2
best: 1.0
runproj limit: 5.482
000000001011001001011001110011010101111100010101010101000010100110101000100001000000100 1.0e-2
runproj limit: 5.482
000000000001000000101001110010010110110000010101100011100010111011101000110001100000110 1.0e-2
runproj limit: 5.482
000100000000001001101001110010001101011100010101100001010000000000001010000000010100110 1.0e-2
runproj limit: 5.482
011110100000101101011001011100110110010001001101000001011000011011001000000011010100001 1.0e-2
runproj limit: 5.482
010101011001001101011101110110001100110100001101000001011001110100001100000011010000000 1.0e-2
runproj limit: 5.482
000000000011001000001101010010010101011001010100100000000010101010001000100001110000110 4.0e-2
runproj limit: 5.482
010010100001001100011001011100001100010100010111000001100000110001001000000010010000100 1.0e-2
runproj limit: 5.482
001100000000101001011001110010111100011101010001000001011010000000001000000000010000000 1.0e-2
runproj limit: 5.482
010011000001000001011101001010000010110011010000001111010011110100111010001010000110000 1.0e-2
runproj limit: 5.482
"timed out"
101000001011001100100101011010010101110001011011010101111000110101100101010001010000000 2.0e-2
runproj limit: 5.482
"timed out"
101001010011001000011001111111010000101011111001101101111011101010101100110100010000110 2.0e-2
runproj limit: 5.482
011000111011011101011111111100010101101000010111010000011110110000100100010111010100101 3.8e-2
runproj limit: 5.482
"timed out"
111001000100110101100001000111000111100001100011110011101001011000010011001110101100011 2.0e-2
runproj limit: 5.482
000000001001000000011001010011000101011101010101010001000010100010101000100001000000001 1.0e-2
runproj limit: 5.482
010000000000100000000101010010010001011101111101010001010000110100101001010010110000001 1.0e-2
runproj limit: 5.482
011100000000100001011001110010110100011001010001000001001010001000001010001000010000000 1.0e-2
runproj limit: 5.482
010000001011001101111101110010010101111000011001010101010000110100101100010011010000000 1.0e-2
runproj limit: 5.482
000000000000001001011001111000001100011100010001000001010010100000001000000100010000100 1.0e-2
runproj limit: 5.482
010000000000000001011001010010000100110101010000001001000010100000001011001000100010000 1.0e-2
runproj limit: 5.482
000000000000001001101001010010000101110001010100101001010011000000001010000000110000010 1.0e-2
best: 1.0
runproj limit: 5.482
000100000001001101011101110110001100110100011101000001011011110100001000000100010000100 1.0e-2
runproj limit: 5.482
010001001001001101111101110010001100110100001101000001010000110100001100000011010000000 1.0e-2
runproj limit: 5.482
010000000001000100001101110010010001111100111101010001010000110100101100010011110000001 1.0e-2
runproj limit: 5.482
010110100001000101011001010000110110010000000101100001110010111011001000100001010000110 1.0e-2
runproj limit: 5.482
010000000000101001011001010000000001011101010101010001010000110100101000000110010000001 1.0e-2
runproj limit: 5.482
011000000010100101111001000011000101110100100111010001101001010010000011100001101100111 1.0e-2
runproj limit: 5.482
010000000000000001010101011010010000011001010000001011010000110100101011000010000000000 1.0e-2
runproj limit: 5.482
010000100000001000011001011000000100110101010111000001100000110000001001001010100000000 1.0e-2
runproj limit: 5.482
"timed out"
110010010000010100000001110000010001010101111010010000010000110111101011111111100000001 2.0e-2
runproj limit: 5.482
"timed out"
101000101011010100100101010001110101110011001110010101111010110111001101100001010010000 2.0e-2
runproj limit: 5.482
000000001001001001101001110101011101011101010101000101011000100000001010011010101111110 1.0e-2
runproj limit: 5.482
"timed out"
110010100011101100001000111001011010011100100111010000100000111001101001001110110000101 2.0e-2
runproj limit: 5.482
000000000001100101001001101100011111011001011100101000000111011011001000100001100000110 3.2e-2
runproj limit: 5.482
000000001011001001011001110011010101111100010101010101000010100110101000100001000000100 1.0e-2
runproj limit: 5.482
000000000001000000101001110010010110110000010101100011100010111011101000110001100000110 1.0e-2
runproj limit: 5.482
000100000000001001101001110010001101011100010101100001010000000000001010000000010100110 1.0e-2
runproj limit: 5.482
011110100000101101011001011100110110010001001101000001011000011011001000000011010100001 1.0e-2
runproj limit: 5.482
010101011001001101011101110110001100110100001101000001011001110100001100000011010000000 1.0e-2
runproj limit: 5.482
010010100001001100011001011100001100010100010111000001100000110001001000000010010000100 1.0e-2
runproj limit: 5.482
001100000000101001011001110010111100011101010001000001011010000000001000000000010000000 1.0e-2
best: 1.0
runproj limit: 5.482
010000000001001100011001010000010101111101110101000001010000110100101101001010110000000 1.0e-2
runproj limit: 5.482
001000000000101001011001010000010101011101010101000001011000110100001000000100010000001 1.0e-2
runproj limit: 5.482
000100000001001101011101110110001100110100011101000001011011110100001000000100010000100 1.0e-2
runproj limit: 5.482
010101011001001101101101110010001101011100001101000001010001010000001000000010010100010 1.0e-2
runproj limit: 5.482
000010000001000000000001110000010011010101111100010000100010110111101011111011100000101 1.0e-2
runproj limit: 5.482
010101010001001101011101111010010000011000000000000011010001110100001111000011010000000 1.0e-2
runproj limit: 5.482
010000000000101001011001010000000001011101010101010001010000110100101000000110010000001 1.0e-2
runproj limit: 5.482
000010001011001101011001110011010101010100010111010101100010100101001000000001010000100 1.0e-2
runproj limit: 5.482
"timed out"
100010100001000100111111011000011010010110101100101101100010110000101110100110011100100 2.0e-2
runproj limit: 5.482
001001001001000011011011110001011001111101010101001101001100100101001001011010111011010 1.0e-2
runproj limit: 5.482
001000001000001011111101101000001101011111000111001101111011111000000010001000100110110 1.0e-2
runproj limit: 5.482
010110001110001011001001111000111100010100010001010001011001111100100010010000001101010 1.0e-2
runproj limit: 5.482
010110100100001100101001100010011000111100111101101101010111001100001010010010011111100 1.0e-2
runproj limit: 5.482
000100000001001101011101110110001100110100011101000001011011110100001000000100010000100 1.0e-2
runproj limit: 5.482
010001001001001101111101110010001100110100001101000001010000110100001100000011010000000 1.0e-2
runproj limit: 5.482
010000000001000100001101110010010001111100111101010001010000110100101100010011110000001 1.0e-2
runproj limit: 5.482
010110100001000101011001010000110110010000000101100001110010111011001000100001010000110 1.0e-2
runproj limit: 5.482
010000000000101001011001010000000001011101010101010001010000110100101000000110010000001 1.0e-2
runproj limit: 5.482
011000000010100101111001000011000101110100100111010001101001010010000011100001101100111 1.0e-2
runproj limit: 5.482
010000000000000001010101011010010000011001010000001011010000110100101011000010000000000 1.0e-2
best: 1.0
runproj limit: 5.482
010110001100000001001001110000110100010000010101000001111011111000101010010001001101110 1.0e-2
runproj limit: 5.482
010100000000000101011101010010010000011001010000000001010000110100001000000100010000000 1.0e-2
runproj limit: 5.482
000000001000001101111101111000001100010101001101001101111001110000001010001000010010110 1.0e-2
runproj limit: 5.482
010000000010101101111001010111000100110100111111000001011001010110001010100101000100110 1.0e-2
runproj limit: 5.482
001000001000100011011011110001011001011101010101001101001100100100001001010110110011001 1.0e-2
runproj limit: 5.482
010000000001101001011101010110001000011100011101010001010011110100001000000100010000100 1.0e-2
runproj limit: 5.482
000000001100001011101101111000111100010101010011000101011001111000100010001000101101010 1.0e-2
runproj limit: 5.482
010001000001001101010101010010010100011100010101001001010000110100101001000011000000000 1.0e-2
runproj limit: 5.482
011001001100001100110001110111101110110000100101000101010100110000111100000111110000010 1.0e-2
runproj limit: 5.482
"timed out"
111000011010000101011101010000000001100100001101000000110100110100101010011010111010001 2.0e-2
runproj limit: 5.482
011001000001011000111001000011100001100100111111010011000001001000101100101010111000000 1.0e-2
runproj limit: 5.482
011000000001001001011001010011110000111100101001000001010010110110101100010001110000101 1.0e-2
runproj limit: 5.482
"timed out"
100010001010011011001001110111110101110101010011111011100010111111111110000001000000011 2.0e-2
runproj limit: 5.482
010000000001001100011001010000010101111101110101000001010000110100101101001010110000000 1.0e-2
runproj limit: 5.482
001000000000101001011001010000010101011101010101000001011000110100001000000100010000001 1.0e-2
runproj limit: 5.482
000100000001001101011101110110001100110100011101000001011011110100001000000100010000100 1.0e-2
runproj limit: 5.482
010101011001001101101101110010001101011100001101000001010001010000001000000010010100010 1.0e-2
runproj limit: 5.482
000010000001000000000001110000010011010101111100010000100010110111101011111011100000101 1.0e-2
runproj limit: 5.482
010101010001001101011101111010010000011000000000000011010001110100001111000011010000000 1.0e-2
runproj limit: 5.482
010000000000101001011001010000000001011101010101010001010000110100101000000110010000001 1.0e-2
best: 1.0
runproj limit: 5.482
010000000000101001011001010000000101011101010101010001010000110100001000000110010000001 1.0e-2
runproj limit: 5.482
010010000000111001001001010101100001010101010111011001000000111100101100000010000000011 1.0e-2
runproj limit: 5.482
010000000001001100100001110001100111110000110101010000100100110000111001011011100000010 1.0e-2
runproj limit: 5.482
010000000011101101111001010111000100111100111001000001011011110110101110000001110000100 1.0e-2
runproj limit: 5.482
000000001000101111011001110001011001010101001101001101111001110000001001000000110011000 1.0e-2
runproj limit: 5.482
011101000001001101111001011011000001000000101100000011000001110000101101101010111000000 1.0e-2
runproj limit: 5.482
011001000001010000001001000000110001100100111101010000000011100011101100101011110000001 3.8e-2
runproj limit: 5.482
010100000000000101011101010010010000011001010000000001010000110100001000000100010000000 1.0e-2
runproj limit: 5.482
000100000101000010011101110010001110011010010100100001111100111110100100000100100000101 1.0e-2
runproj limit: 5.482
010110100001001100101101011000100010111001010110100011011101111101101110001110011001000 1.0e-2
runproj limit: 5.482
"timed out"
100001101101101101010110010001011000111111011101011101011000011001100000100001000100011 2.0e-2
runproj limit: 5.482
"timed out"
111000000111101100010010111011111011000001010100000101010110010000101100100110011000100 2.0e-2
runproj limit: 5.482
010000100000001010010001001110110001111111010101011001100101000100011011110111010010001 1.0e-2
runproj limit: 5.482
010110001100000001001001110000110100010000010101000001111011111000101010010001001101110 1.0e-2
runproj limit: 5.482
010100000000000101011101010010010000011001010000000001010000110100001000000100010000000 1.0e-2
runproj limit: 5.482
000000001000001101111101111000001100010101001101001101111001110000001010001000010010110 1.0e-2
runproj limit: 5.482
010000000010101101111001010111000100110100111111000001011001010110001010100101000100110 1.0e-2
runproj limit: 5.482
001000001000100011011011110001011001011101010101001101001100100100001001010110110011001 1.0e-2
runproj limit: 5.482
010000000001101001011101010110001000011100011101010001010011110100001000000100010000100 1.0e-2
runproj limit: 5.482
000000001100001011101101111000111100010101010011000101011001111000100010001000101101010 1.0e-2
best: 1.0
runproj limit: 5.482
000000000000101101011001010001010001010001010101001001110001110100001000000100010010000 1.0e-2
runproj limit: 5.482
011100000011101101111001010111000000101100111101000001001011110010101111100011110000000 1.0e-2
runproj limit: 5.482
010000100001001110100001101111110111111010010101011001100100110000011001010111110000000 1.0e-2
runproj limit: 5.482
010000000011101101111001010111000100110100111011000001011011010110001010000001010100100 1.0e-2
runproj limit: 5.482
010000000000101011011011110001011001011101010101010001001000110100001000010110110011001 1.0e-2
runproj limit: 5.482
000010001000101001101001010100100001010101001101011001000001111100001110000000000000110 1.0e-2
runproj limit: 5.482
010100000000000001011001010010010000011101010101000001010000110100001000000110010000000 1.0e-2
runproj limit: 5.482
010010001100000001101001110000111100010001010111000001011001111000101010000001001101110 1.0e-2
runproj limit: 5.482
"timed out"
100110100100100010001011110001011000011100000001000101101101100100001011011100111111011 2.0e-2
runproj limit: 5.482
010100001010001100100001110001001011010000110011110010100100010100111001010011000000110 1.0e-2
runproj limit: 5.482
010000100000100100011101010010000010111001110000001001010100010100101000011100010001001 1.0e-2
runproj limit: 5.482
000000101101100101110111101000011100000100000001101101011001101001101010011001010011100 1.0e-2
runproj limit: 5.482
010000000010110111011001100111100100111000111101110101011010010110010110000001111011000 1.0e-2
runproj limit: 5.482
010000000000101001011001010000000101011101010101010001010000110100001000000110010000001 1.0e-2
runproj limit: 5.482
010010000000111001001001010101100001010101010111011001000000111100101100000010000000011 1.0e-2
runproj limit: 5.482
010000000001001100100001110001100111110000110101010000100100110000111001011011100000010 1.0e-2
runproj limit: 5.482
010000000011101101111001010111000100111100111001000001011011110110101110000001110000100 1.0e-2
runproj limit: 5.482
000000001000101111011001110001011001010101001101001101111001110000001001000000110011000 1.0e-2
runproj limit: 5.482
011101000001001101111001011011000001000000101100000011000001110000101101101010111000000 1.0e-2
runproj limit: 5.482
010100000000000101011101010010010000011001010000000001010000110100001000000100010000000 1.0e-2
best: 1.0
runproj limit: 5.482
000000100001101101111111000101001100001100100001100101011011101111101110010001010010100 1.0e-2
runproj limit: 5.482
010100000000000000011001010001001011010000110101010011000000110100011001000111000000010 1.0e-2
runproj limit: 5.482
011100001011001100110001010001000000111000110001000001000100110100111101100011110000010 1.0e-2
runproj limit: 5.482
010000000000001000011001110010110011011100010101000001010000110000101001000110100000010 1.0e-2
runproj limit: 5.482
010000000011110111011001100111000100111000111001110001011010010110100110000001111011000 1.0e-2
runproj limit: 5.482
010100000011101100110001110011000011001100111001110001100101110100101001010011000000110 1.0e-2
runproj limit: 5.482
010000000001001101101001110101100111110000001101010001100101110100001011011001000000010 1.0e-2
runproj limit: 5.482
010000000000101111011011110011111001011100111101010001001000010110010110000001111011000 1.0e-2
runproj limit: 5.482
010001001000100011001111110000111001010101001111001000010011110100000110001001010000111 3.7e-2
runproj limit: 5.482
000010101101100111111111101000011100000100100001101101011111101001100001011101011011100 1.0e-2
runproj limit: 5.482
010101000000111001111010011001001000011101010111001001000010110000111000000100010111000 1.0e-2
runproj limit: 5.482
"timed out"
110101010000000101101000111111010001011110011100000011001001011000111111101010101000000 2.0e-2
runproj limit: 5.482
"timed out"
110001000101100101111111110001000110011111001001100000110011001100100110001000110010110 2.0e-2
runproj limit: 5.482
000000000000101101011001010001010001010001010101001001110001110100001000000100010010000 1.0e-2
runproj limit: 5.482
011100000011101101111001010111000000101100111101000001001011110010101111100011110000000 1.0e-2
runproj limit: 5.482
010000100001001110100001101111110111111010010101011001100100110000011001010111110000000 1.0e-2
runproj limit: 5.482
010000000011101101111001010111000100110100111011000001011011010110001010000001010100100 1.0e-2
runproj limit: 5.482
010000000000101011011011110001011001011101010101010001001000110100001000010110110011001 1.0e-2
runproj limit: 5.482
000010001000101001101001010100100001010101001101011001000001111100001110000000000000110 1.0e-2
runproj limit: 5.482
010100000000000001011001010010010000011101010101000001010000110100001000000110010000000 1.0e-2
best: 1.0
runproj limit: 5.482
010000010000000001101001110010010011011110010101000011011001111000111101100110100000010 1.0e-2
runproj limit: 5.482
010100001011001100110001110001000010001000110001110001000100110100111001100011010000010 1.0e-2
runproj limit: 5.482
011100000000001100111001010001010000110001110101001001000101110100011000100110110000000 1.0e-2
runproj limit: 5.482
000000100101001111101001110000001111110000101101010101110101110101101001011001010000110 1.0e-2
runproj limit: 5.482
000100100000000001111111000110011000011100000001000001010001101111001100010111010010100 1.0e-2
runproj limit: 5.482
010000000000111001011000011001010000011001010101001001110010110000011000000100010011000 1.0e-2
runproj limit: 5.482
010100000010110101011001111111000000111110111000100011011011011000100110100000111001000 1.0e-2
runproj limit: 5.482
010000100000001010010011100011110101011001010101010001001000110000011000010110110010001 1.0e-2
runproj limit: 5.482
011001000011101100110101011010000011001110001001111001110101010100101111010101010011110 1.0e-2
runproj limit: 5.482
"timed out"
110000100111011100111001001111000101100100111000100011011111010010001010000001010110111 2.0e-2
runproj limit: 5.482
011010001011110111010001110011000100010100101001111001001011011110100100001011111010100 1.0e-2
runproj limit: 5.482
011001000010001101010001000100000001100010111011000111111110011110111110011011010100101 1.0e-2
runproj limit: 5.482
"timed out"
100100100011010011100001100001100101110101011101010001100111110000000010100011110100100 2.0e-2
runproj limit: 5.482
000000100001101101111111000101001100001100100001100101011011101111101110010001010010100 1.0e-2
runproj limit: 5.482
010100000000000000011001010001001011010000110101010011000000110100011001000111000000010 1.0e-2
runproj limit: 5.482
011100001011001100110001010001000000111000110001000001000100110100111101100011110000010 1.0e-2
runproj limit: 5.482
010000000000001000011001110010110011011100010101000001010000110000101001000110100000010 1.0e-2
runproj limit: 5.482
010000000011110111011001100111000100111000111001110001011010010110100110000001111011000 1.0e-2
runproj limit: 5.482
010100000011101100110001110011000011001100111001110001100101110100101001010011000000110 1.0e-2
runproj limit: 5.482
010000000001001101101001110101100111110000001101010001100101110100001011011001000000010 1.0e-2
best: 1.0
done evolving!
"all is well:)"
>>>>>>>>>>>>>>FINISH OPTIMIZATION>>>>>>>>>>>>>>>
6521.69user 205.16system 1:53:12elapsed 99%CPU (0avgtext+0avgdata 125460maxresident)k
990200inputs+1359480outputs (338major+68546139minor)pagefaults 0swaps
