>>>>>>>>>>>>>>>START OPTIMIZATION>>>>>>>>>>>>>>>
pop: 15
gens: 13
arch: 12
Basetime is: 61.0
plb: 00000000000000000000000000000000000000000000000000000000000000000000000000000000000000000000000000000000000000000000000000000000000
bits: 01000000010011000001100010010000110101000101100101100011010000001011010011100110101110011110000001101000111101001000011001100001001
bits: 01000000010011000001100010010000110101000101100101100011010000001011010011100110101110011110000001101000111101001000011001100001001
bits: 10101001001101110101110100001111000100100010000010001011001000110010101100100000001100101001000110010000101100100010001001000001111
bits: 10101001001101110101110100001111000100100010000010001011001000110010101100100000001100101001000110010000101100100010001001000001111
bits: 10100000100100101010011110011011100110000000111101110101110100010001101000101100111100010011110000010100001101010001001110010001000
bits: 10100000100100101010011110011011100110000000111101110101110100010001101000101100111100010011110000010100001101010001001110010001000
bits: 00001001001100100111000110100101010110100110000001010000010001110010010110110001001000110011000000011010010101001101110001001100011
bits: 00001001001100100111000110100101010110100110000001010000010001110010010110110001001000110011000000011010010101001101110001001100011
bits: 10000000000010000000010011100110111001011011011001101100000100000110000100010001000010100110011011010010000000000011010100100110101
bits: 10000000000010000000010011100110111001011011011001101100000100000110000100010001000010100110011011010010000000000011010100100110101
bits: 10100001111100010101000101001100010010111100000011001000001101111100001011101001100111001000000101000000000011111100010010011100101
bits: 10100001111100010101000101001100010010111100000011001000001101111100001011101001100111001000000101000000000011111100010010011100101
bits: 11100000100000000010100111111101110110111010111100000001011001010000101100000000000111110100000001000110110110001000001111000010111
bits: 11100000100000000010100111111101110110111010111100000001011001010000101100000000000111110100000001000110110110001000001111000010111
bits: 11011001001011000000111101110001011011001000101011001111010011111100000100100011000101110100110101100100010001111011100101111100000
bits: 11011001001011000000111101110001011011001000101011001111010011111100000100100011000101110100110101100100010001111011100101111100000
bits: 00001000011100101000111001101100110000111000001011110001000000001001011001011011101000010001010011011101100111100011000001110100010
bits: 00001000011100101000111001101100110000111000001011110001000000001001011001011011101000010001010011011101100111100011000001110100010
bits: 01110101010001000001101011111010001110001001100100011000010001100100010000011110001010101110010100101010001100000000000000100000010
bits: 01110101010001000001101011111010001110001001100100011000010001100100010000011110001010101110010100101010001100000000000000100000010
bits: 11101100100000001100111011010010100010100000011101100001100010110110000101001110001111101010101101000110010010010000111010100010100
bits: 11101100100000001100111011010010100010100000011101100001100010110110000101001110001111101010101101000110010010010000111010100010100
bits: 10111110000010000000010110101101000111000110010000000001010010000100010010100000110111011000001000001110111111100000000100110001100
bits: 10111110000010000000010110101101000111000110010000000001010010000100010010100000110111011000001000001110111111100000000100110001100
bits: 00001110000010000101000010101011000101001000111010000001010011110101110000111111100110010001000101001011100011000000000011010110000
bits: 00001110000010000101000010101011000101001000111010000001010011110101110000111111100110010001000101001011100011000000000011010110000
bits: 11010010000010011000001000100101010000100000100101011001001101100001110001010010100010100001000011010001001000000101111001110000100
bits: 11010010000010011000001000100101010000100000100101011001001101100001110001010010100010100001000011010001001000000101111001110000100
bits: 00110000011001101101011110101101001100000010010000111000101100110001001000010000011000100101100100100011000001011111011101100000000
bits: 00110000011001101101011110101101001100000010010000111000101100110001001000010000011000100101100100100011000001011111011101100000000
best: 0.26229508196721313
bits: 00001000001110000101010010101100100001011000111010100001000000001101111000111111100000010001010111001111100111100010000011110110000
bits: 00001000001110000101010010101100100001011000111010100001000000001101111000111111100000010001010111001111100111100010000011110110000
bits: 01001001010011000000101000110000010101001001100101100011010000011011010101100110101101010100000101101100011001011000111101110001001
bits: 01001001010011000000101000110000010101001001100101100011010000011011010101100110101101010100000101101100011001011000111101110001001
bits: 00001000011100101000111001101100110000111000001011110001000000001001011001011011101000010001010011011101100111100011000001110100010
bits: 00001000011100101000111001101100110000111000001011110001000000001001011001011011101000010001010011011101100111100011000001110100010
bits: 10111001010101110001111000101110001100000000100010001000010001110000101100000010001100101100010110011000101100000000001001000000110
bits: 10111001010101110001111000101110001100000000100010001000010001110000101100000010001100101100010110011000101100000000001001000000110
bits: 11110100000000001001111011110010000110100001110100110001010011100110000100001110001110101110111100101010011000010000010000100000010
bits: 11110100000000001001111011110010000110100001110100110001010011100110000100001110001110101110111100101010011000010000010000100000010
bits: 11110000000001000010110111110001111111001010111010001101011001011100000100000010000101110100110001000110110101001001001111011110100
bits: 11110000000001000010110111110001111111001010111010001101011001011100000100000010000101110100110001000110110101001001001111011110100
bits: 10101001101100010100110001011110000010100000001011100001100000110110000101101000001111101011001111000110011100000000011010000000111
bits: 10101001101100010100110001011110000010100000001011100001100000110110000101101000001111101011001111000110011100000000011010000000111
bits: 11111110000010001000011110101101010100000110110001000001010100100101110001010000100110011000000010011101001101100000110001110001100
bits: 11111110000010001000011110101101010100000110110001000001010100100101110001010000100110011000000010011101001101100000110001110001100
bits: 00110110010011000001000010101010000110001010100000001000010011100100010010001100110010001010011000101010111100000000000000100000110
bits: 00110110010011000001000010101010000110001010100000001000010011100100010010001100110010001010011000101010111100000000000000100000110
bits: 11110010110011100111000111111101000011100110000100001000011011000110011010000000101101110001000001010011010111000000000110010011101
bits: 11110010110011100111000111111101000011100110000100001000011011000110011010000000101101110001000001010011010111000000000110010011101
bits: 00000100110001000110101010001000010101100101100110110111100001101011010100100000100111001111010001000000110010001001000101100001001
bits: 00000100110001000110101010001000010101100101100110110111100001101011010100100000100111001111010001000000110010001001000101100001001
bits: 00010000011001000101101011101010000110101101110011100100010111100100010100011110001010111111001010110010011101000010000001101000000
bits: 00010000011001000101101011101010000110101101110011100100010111100100010100011110001010111111001010110010011101000010000001101000000
bits: 11101010100100001111011111001101101011101000011101100101100010110110000101001100001111101010010001010100001000010010101100101011101
bits: 11101010100100001111011111001101101011101000011101100101100010110110000101001100001111101010010001010100001000010010101100101011101
bits: 00011010010110101101111001101010110000111100011100100001000000101000011100101011001001110000010110000111010011100010000011110010110
bits: 00011010010110101101111001101010110000111100011100100001000000101000011100101011001001110000010110000111010011100010000011110010110
bits: 00011100110000000000010101100111100111000010001010101001000110101101001000110100111111011000101001000011011111100001000100110000010
bits: 00011100110000000000010101100111100111000010001010101001000110101101001000110100111111011000101001000011011111100001000100110000010
bits: 01000000010011000001100010010000110101000101100101100011010000001011010011100110101110011110000001101000111101001000011001100001001
bits: 01000000010011000001100010010000110101000101100101100011010000001011010011100110101110011110000001101000111101001000011001100001001
bits: 01110101010001000001101011111010001110001001100100011000010001100100010000011110001010101110010100101010001100000000000000100000010
bits: 01110101010001000001101011111010001110001001100100011000010001100100010000011110001010101110010100101010001100000000000000100000010
bits: 10101001001101110101110100001111000100100010000010001011001000110010101100100000001100101001000110010000101100100010001001000001111
bits: 10101001001101110101110100001111000100100010000010001011001000110010101100100000001100101001000110010000101100100010001001000001111
bits: 11100000100000000010100111111101110110111010111100000001011001010000101100000000000111110100000001000110110110001000001111000010111
bits: 11100000100000000010100111111101110110111010111100000001011001010000101100000000000111110100000001000110110110001000001111000010111
bits: 00001000011100101000111001101100110000111000001011110001000000001001011001011011101000010001010011011101100111100011000001110100010
bits: 00001000011100101000111001101100110000111000001011110001000000001001011001011011101000010001010011011101100111100011000001110100010
bits: 11101100100000001100111011010010100010100000011101100001100010110110000101001110001111101010101101000110010010010000111010100010100
bits: 11101100100000001100111011010010100010100000011101100001100010110110000101001110001111101010101101000110010010010000111010100010100
bits: 11011001001011000000111101110001011011001000101011001111010011111100000100100011000101110100110101100100010001111011100101111100000
bits: 11011001001011000000111101110001011011001000101011001111010011111100000100100011000101110100110101100100010001111011100101111100000
bits: 10111110000010000000010110101101000111000110010000000001010010000100010010100000110111011000001000001110111111100000000100110001100
bits: 10111110000010000000010110101101000111000110010000000001010010000100010010100000110111011000001000001110111111100000000100110001100
bits: 11010010000010011000001000100101010000100000100101011001001101100001110001010010100010100001000011010001001000000101111001110000100
bits: 11010010000010011000001000100101010000100000100101011001001101100001110001010010100010100001000011010001001000000101111001110000100
bits: 00110000011001101101011110101101001100000010010000111000101100110001001000010000011000100101100100100011000001011111011101100000000
bits: 00110000011001101101011110101101001100000010010000111000101100110001001000010000011000100101100100100011000001011111011101100000000
bits: 10100000100100101010011110011011100110000000111101110101110100010001101000101100111100010011110000010100001101010001001110010001000
bits: 10100000100100101010011110011011100110000000111101110101110100010001101000101100111100010011110000010100001101010001001110010001000
bits: 00001001001100100111000110100101010110100110000001010000010001110010010110110001001000110011000000011010010101001101110001001100011
bits: 00001001001100100111000110100101010110100110000001010000010001110010010110110001001000110011000000011010010101001101110001001100011
best: 0.26229508196721313
bits: 11010100010010001100101000000100010000100000100111010001101101100011110101010010100110101111000011010000011000001001000101110001001
bits: 11010100010010001100101000000100010000100000100111010001101101100011110101010010100110101111000011010000011000001001000101110001001
bits: 11111101010101010001101001111110001100000001100010001000010001100100111100010010001100101110010100011000001100000000000001100000010
bits: 11111101010101010001101001111110001100000001100010001000010001100100111100010010001100101110010100011000001100000000000001100000010
bits: 01000000010011000001100010010000110101000101100101100011010000001011010011100110101110011110000001101000111101001000011001100001001
bits: 01000000010011000001100010010000110101000101100101100011010000001011010011100110101110011110000001101000111101001000011001100001001
bits: 10100100100100101001111010011011100110100001111100110001010000010001101000101110011110001011110000111000011101010001001010110000010
bits: 10100100100100101001111010011011100110100001111100110001010000010001101000101110011110001011110000111000011101010001001010110000010
bits: 01100000011011100001001010111100000100000001110001101000010000011011011000110110011010011101000000101010100001011000011101100000000
bits: 01100000011011100001001010111100000100000001110001101000010000011011011000110110011010011101000000101010100001011000011101100000000
bits: 11111000000011000000110111111001011111001010111000001101010011011100010010100000110101011000110000000110111101001001001101110000100
bits: 11111000000011000000110111111001011111001010111000001101010011011100010010100000110101011000110000000110111101001001001101110000100
bits: 01110101000001000001101011111010001110100001100100111001010001100110010000011110001110101110011100101010001000000000000000100000010
bits: 01110101000001000001101011111010001110100001100100111001010001100110010000011110001110101110011100101010001000000000000000100000010
bits: 01100000000100100011010111110101110110001110110010000101010001111010010110000010001100110000010000001110010101001001100101001100011
bits: 01100000000100100011010111110101110110001110110010000101010001111010010110000010001100110000010000001110010101001001100101001100011
bits: 10111000011100111000111000101110010000110000100010111000000000000001101100010010101100101100010010011101101111000000001001100100010
bits: 10111000011100111000111000101110010000110000100010111000000000000001101100010010101100101100010010011101101111000000001001100100010
bits: 11010000010110110011010010000110110101110100101000101010100011100001110111100111001000110110010000101010110001010010111001101101001
bits: 11010000010110110011010010000110110101110100101000101010100011100001110111100111001000110110010000101010110001010010111001101101001
bits: 10011001011010101101000110001011011010000011011011001111100001100011110110100000000001101001001011100010111001100010101111100000011
bits: 10011001011010101101000110001011011010000011011011001111100001100011110110100000000001101001001011100010111001100010101111100000011
bits: 11100100010000011010001100111110100100001111111010000101111001001101010101100100110101110000111001101011101101011000010111011110110
bits: 11100100010000011010001100111110100100001111111010000101111001001101010101100100110101110000111001101011101101011000010111011110110
bits: 00011000010001001001001011000010111101011101110101110011110011001111010111111000100011011101011001111000001100010010110101100111101
bits: 00011000010001001001001011000010111101011101110101110011110011001111010111111000100011011101011001111000001100010010110101100111101
bits: 10100001100101101010000111000001000110000000010000010011010110110000100000001001001100001111110000010101001111011001001110000000000
bits: 10100001100101101010000111000001000110000000010000010011010110110000100000001001001100001111110000010101001111011001001110000000000
bits: 11110110110011100001000010010001100100010111110100100111010010000001101011100111101110010100100010101111111101001001010111101001011
bits: 11110110110011100001000010010001100100010111110100100111010010000001101011100111101110010100100010101111111101001001010111101001011
bits: 10111001010101110001111000101110001100000000100010001000010001110000101100000010001100101100010110011000101100000000001001000000110
bits: 10111001010101110001111000101110001100000000100010001000010001110000101100000010001100101100010110011000101100000000001001000000110
bits: 01000000010011000001100010010000110101000101100101100011010000001011010011100110101110011110000001101000111101001000011001100001001
bits: 01000000010011000001100010010000110101000101100101100011010000001011010011100110101110011110000001101000111101001000011001100001001
bits: 01110101010001000001101011111010001110001001100100011000010001100100010000011110001010101110010100101010001100000000000000100000010
bits: 01110101010001000001101011111010001110001001100100011000010001100100010000011110001010101110010100101010001100000000000000100000010
bits: 11110100000000001001111011110010000110100001110100110001010011100110000100001110001110101110111100101010011000010000010000100000010
bits: 11110100000000001001111011110010000110100001110100110001010011100110000100001110001110101110111100101010011000010000010000100000010
bits: 11110000000001000010110111110001111111001010111010001101011001011100000100000010000101110100110001000110110101001001001111011110100
bits: 11110000000001000010110111110001111111001010111010001101011001011100000100000010000101110100110001000110110101001001001111011110100
bits: 00000100110001000110101010001000010101100101100110110111100001101011010100100000100111001111010001000000110010001001000101100001001
bits: 00000100110001000110101010001000010101100101100110110111100001101011010100100000100111001111010001000000110010001001000101100001001
bits: 00010000011001000101101011101010000110101101110011100100010111100100010100011110001010111111001010110010011101000010000001101000000
bits: 00010000011001000101101011101010000110101101110011100100010111100100010100011110001010111111001010110010011101000010000001101000000
bits: 00011010010110101101111001101010110000111100011100100001000000101000011100101011001001110000010110000111010011100010000011110010110
bits: 00011010010110101101111001101010110000111100011100100001000000101000011100101011001001110000010110000111010011100010000011110010110
bits: 10101001001101110101110100001111000100100010000010001011001000110010101100100000001100101001000110010000101100100010001001000001111
bits: 10101001001101110101110100001111000100100010000010001011001000110010101100100000001100101001000110010000101100100010001001000001111
bits: 00001000011100101000111001101100110000111000001011110001000000001001011001011011101000010001010011011101100111100011000001110100010
bits: 00001000011100101000111001101100110000111000001011110001000000001001011001011011101000010001010011011101100111100011000001110100010
bits: 10101001101100010100110001011110000010100000001011100001100000110110000101101000001111101011001111000110011100000000011010000000111
bits: 10101001101100010100110001011110000010100000001011100001100000110110000101101000001111101011001111000110011100000000011010000000111
bits: 11100000100000000010100111111101110110111010111100000001011001010000101100000000000111110100000001000110110110001000001111000010111
bits: 11100000100000000010100111111101110110111010111100000001011001010000101100000000000111110100000001000110110110001000001111000010111
best: 0.26229508196721313
bits: 10111100000000011000111000110010010100110000100000111000000011100101001100011110101110101100011000001111101100010000000001100100010
bits: 10111100000000011000111000110010010100110000100000111000000011100101001100011110101110101100011000001111101100010000000001100100010
bits: 00000100010001000010100010010000010101000101100100100011110001101011010000100110100111011110010001000000110001001001010101100001001
bits: 00000100010001000010100010010000010101000101100100100011110001101011010000100110100111011110010001000000110001001001010101100001001
bits: 00110011010110101101111011111010011000101100000100000001010000100100010000101110001010101010010100001011000110000010000011100000010
bits: 00110011010110101101111011111010011000101100000100000001010000100100010000101110001010101010010100001011000110000010000011100000010
bits: 10110101010001100001101011101110001110000000100000001000010001110100000100010110001100101110010100101000101000000000001001100000110
bits: 10110101010001100001101011101110001110000000100000001000010001110100000100010110001100101110010100101000101000000000001001100000110
bits: 11110100010001000000100111110110011101000010110010001101011001001100100100010010000101101100010100010100111101001001000001101100000
bits: 11110100010001000000100111110110011101000010110010001101011001001100100100010010000101101100010100010100111101001001000001101100000
bits: 01110100000001000001101011111010000110100001100100110001010011100110000100011110001110101110011100101010011000010000000000100000010
bits: 01110100000001000001101011111010000110100001100100110001010011100110000100011110001110101110011100101010011000010000000000100000010
bits: 10110000010100000000110010101000011101100010111010101101011000000000000100010010001100111100010001000110111101001000001111011100010
bits: 10110000010100000000110010101000011101100010111010101101011000000000000100010010001100111100010001000110111101001000001111011100010
bits: 11011001010011100001101110111010011010100011101011101001100001100110010110111110001110101101001111100010111000000000001011100000011
bits: 11011001010011100001101110111010011010100011101011101001100001100110010110111110001110101101001111100010111000000000001011100000011
bits: 10011001010111101101110110101010011000000001010010001001100001100011101110100010001100101101000010110010111100100000001011000000011
bits: 10011001010111101101110110101010011000000001010010001001100001100011101110100010001100101101000010110010111100100000001011000000011
bits: 00100010000010011101100010010010110111000100100111111001000010011011100111101100001101001010000001001001110101000001010011000010001
bits: 00100010000010011101100010010010110111000100100111111001000010011011100111101100001101001010000001001001110101000001010011000010001
bits: 00010101110001010110110011101001010111110101110010100111100101110000010101110011100111001011000100010111100000101101001101101010001
bits: 00010101110001010110110011101001010111110101110010100111100101110000010101110011100111001011000100010111100000101101001101101010001
bits: 00010100100000010010101111000111000001100101100110110110100011000111010100100001100110000111010001010001111110000101011100110110000
bits: 00010100100000010010101111000111000001100101100110110110100011000111010100100001100110000111010001010001111110000101011100110110000
bits: 11110101010000010110010011110001001110100011000101010001000101111111000100010001001011111110101101110011011010010111110000100011010
bits: 11110101010000010110010011110001001110100011000101010001000101111111000100010001001011111110101101110011011010010111110000100011010
bits: 00100000100100011000010110101011001010000110010000000011010011111000101000001011000111100110101100110001001101001000000110110011000
bits: 00100000100100011000010110101011001010000110010000000011010011111000101000001011000111100110101100110001001101001000000110110011000
bits: 10110110110111001001111110011011110101011011111100111001000001010010011100110010001110110111010000010000011101010001001100000110000
bits: 10110110110111001001111110011011110101011011111100111001000001010010011100110010001110110111010000010000011101010001001100000110000
bits: 11111101010101010001101001111110001100000001100010001000010001100100111100010010001100101110010100011000001100000000000001100000010
bits: 11111101010101010001101001111110001100000001100010001000010001100100111100010010001100101110010100011000001100000000000001100000010
bits: 01000000010011000001100010010000110101000101100101100011010000001011010011100110101110011110000001101000111101001000011001100001001
bits: 01000000010011000001100010010000110101000101100101100011010000001011010011100110101110011110000001101000111101001000011001100001001
bits: 10111001010101110001111000101110001100000000100010001000010001110000101100000010001100101100010110011000101100000000001001000000110
bits: 10111001010101110001111000101110001100000000100010001000010001110000101100000010001100101100010110011000101100000000001001000000110
bits: 01110101010001000001101011111010001110001001100100011000010001100100010000011110001010101110010100101010001100000000000000100000010
bits: 01110101010001000001101011111010001110001001100100011000010001100100010000011110001010101110010100101010001100000000000000100000010
bits: 10100100100100101001111010011011100110100001111100110001010000010001101000101110011110001011110000111000011101010001001010110000010
bits: 10100100100100101001111010011011100110100001111100110001010000010001101000101110011110001011110000111000011101010001001010110000010
bits: 01110101000001000001101011111010001110100001100100111001010001100110010000011110001110101110011100101010001000000000000000100000010
bits: 01110101000001000001101011111010001110100001100100111001010001100110010000011110001110101110011100101010001000000000000000100000010
bits: 11110100000000001001111011110010000110100001110100110001010011100110000100001110001110101110111100101010011000010000010000100000010
bits: 11110100000000001001111011110010000110100001110100110001010011100110000100001110001110101110111100101010011000010000010000100000010
bits: 11110000000001000010110111110001111111001010111010001101011001011100000100000010000101110100110001000110110101001001001111011110100
bits: 11110000000001000010110111110001111111001010111010001101011001011100000100000010000101110100110001000110110101001001001111011110100
bits: 00000100110001000110101010001000010101100101100110110111100001101011010100100000100111001111010001000000110010001001000101100001001
bits: 00000100110001000110101010001000010101100101100110110111100001101011010100100000100111001111010001000000110010001001000101100001001
bits: 00010000011001000101101011101010000110101101110011100100010111100100010100011110001010111111001010110010011101000010000001101000000
bits: 00010000011001000101101011101010000110101101110011100100010111100100010100011110001010111111001010110010011101000010000001101000000
bits: 00011010010110101101111001101010110000111100011100100001000000101000011100101011001001110000010110000111010011100010000011110010110
bits: 00011010010110101101111001101010110000111100011100100001000000101000011100101011001001110000010110000111010011100010000011110010110
bits: 10101001001101110101110100001111000100100010000010001011001000110010101100100000001100101001000110010000101100100010001001000001111
bits: 10101001001101110101110100001111000100100010000010001011001000110010101100100000001100101001000110010000101100100010001001000001111
best: 0.26229508196721313
bits: 11110100000000001001110111110010010100100011110110110001011001001100100100010010000111101110110100000110111100011000000000100100000
bits: 11110100000000001001110111110010010100100011110110110001011001001100100100010010000111101110110100000110111100011000000000100100000
bits: 00110100100100101011101011001111000011100001100100110111010000010101101100100011100110000011010000010000111110000001001000110100010
bits: 00110100100100101011101011001111000011100001100100110111010000010101101100100011100110000011010000010000111110000001001000110100010
bits: 00010110110111001000111110101001110111111111110110110101100001110000010101110011101110010111000000010000101101111001001101000010001
bits: 00010110110111001000111110101001110111111111110110110101100001110000010101110011101110010111000000010000101101111001001101000010001
bits: 00011101010110001101101011101010100010100000101100111001010001100110011000001010001001111100010100100010001000100010000001100010010
bits: 00011101010110001101101011101010100010100000101100111001010001100110011000001010001001111100010100100010001000100010000001100010010
bits: 01111101010001000001101011111010000100000001100110100000010001100100011100011010001110101110011100101010001000000000000001100000010
bits: 01111101010001000001101011111010000100000001100110100000010001100100011100011010001110101110011100101010001000000000000001100000010
bits: 00001110010001001101101001101010010001100100101110110011000001101000011100100001000101100010010000000111110010000001000101110010011
bits: 00001110010001001101101001101010010001100100101110110011000001101000011100100001000101100010010000000111110010000001000101110010011
bits: 11110101000001000010101011110001111111000010111100011101011001001110000100000110000110101110010101101010000001000001001000000010100
bits: 11110101000001000010101011110001111111000010111100011101011001001110000100000110000110101110010101101010000001000001001000000010100
bits: 00110101010111001001110011010000011101000100000100000001010000101101010000100110100111001110010100000001110101001011000011100000011
bits: 00110101010111001001110011010000011101000100000100000001010000101101010000100110100111001110010100000001110101001011000011100000011
bits: 10010100000001000101101000111010000110100100100000110000010011100101000100011110101010101101001000110010111100000000000001100100000
bits: 10010100000001000101101000111010000110100100100000110000010011100101000100011110101010101101001000110010111100000000000001100100000
bits: 00001101010001000010001111010100010111001101100110110111110000000000011000000110101110001010011000001010100101100001110101010000101
bits: 00001101010001000010001111010100010111001101100110110111110000000000011000000110101110001010011000001010100101100001110101010000101
bits: 00111000000001111101010110000111010101110010000011101011011000010110101010100010101001001001000100001100000000111111011001010001110
bits: 00111000000001111101010110000111010101110010000011101011011000010110101010100010101001001001000100001100000000111111011001010001110
bits: 00110101010001001101010011011010101100011011100100101100110101100100010000111100111010111110111100101011101000110100000000010001110
bits: 00110101010001001101010011011010101100011011100100101100110101100100010000111100111010111110111100101011101000110100000000010001110
bits: 10000000011010000010001111011100111100010100010111101111001110101111010011000111110111011100110001000000010000011001010101110010000
bits: 10000000011010000010001111011100111100010100010111101111001110101111010011000111110111011100110001000000010000011001010101110010000
bits: 00010000001000001111001000101001011010101101110101101110010111110100010110111111000011110111011111110011001101000011111011001100000
bits: 00010000001000001111001000101001011010101101110101101110010111110100010110111111000011110111011111110011001101000011111011001100000
bits: 01111110111101000001111111100110011110001101111110101001010011100000101100001110001010001101000110101001010100001000001000001101000
bits: 01111110111101000001111111100110011110001101111110101001010011100000101100001110001010001101000110101001010100001000001000001101000
bits: 10110101010001100001101011101110001110000000100000001000010001110100000100010110001100101110010100101000101000000000001001100000110
bits: 10110101010001100001101011101110001110000000100000001000010001110100000100010110001100101110010100101000101000000000001001100000110
bits: 10011001010111101101110110101010011000000001010010001001100001100011101110100010001100101101000010110010111100100000001011000000011
bits: 10011001010111101101110110101010011000000001010010001001100001100011101110100010001100101101000010110010111100100000001011000000011
bits: 00100010000010011101100010010010110111000100100111111001000010011011100111101100001101001010000001001001110101000001010011000010001
bits: 00100010000010011101100010010010110111000100100111111001000010011011100111101100001101001010000001001001110101000001010011000010001
bits: 10110110110111001001111110011011110101011011111100111001000001010010011100110010001110110111010000010000011101010001001100000110000
bits: 10110110110111001001111110011011110101011011111100111001000001010010011100110010001110110111010000010000011101010001001100000110000
bits: 11111101010101010001101001111110001100000001100010001000010001100100111100010010001100101110010100011000001100000000000001100000010
bits: 11111101010101010001101001111110001100000001100010001000010001100100111100010010001100101110010100011000001100000000000001100000010
bits: 01000000010011000001100010010000110101000101100101100011010000001011010011100110101110011110000001101000111101001000011001100001001
bits: 01000000010011000001100010010000110101000101100101100011010000001011010011100110101110011110000001101000111101001000011001100001001
bits: 10111001010101110001111000101110001100000000100010001000010001110000101100000010001100101100010110011000101100000000001001000000110
bits: 10111001010101110001111000101110001100000000100010001000010001110000101100000010001100101100010110011000101100000000001001000000110
bits: 01110101010001000001101011111010001110001001100100011000010001100100010000011110001010101110010100101010001100000000000000100000010
bits: 01110101010001000001101011111010001110001001100100011000010001100100010000011110001010101110010100101010001100000000000000100000010
bits: 00000100010001000010100010010000010101000101100100100011110001101011010000100110100111011110010001000000110001001001010101100001001
bits: 00000100010001000010100010010000010101000101100100100011110001101011010000100110100111011110010001000000110001001001010101100001001
bits: 00110011010110101101111011111010011000101100000100000001010000100100010000101110001010101010010100001011000110000010000011100000010
bits: 00110011010110101101111011111010011000101100000100000001010000100100010000101110001010101010010100001011000110000010000011100000010
bits: 01110100000001000001101011111010000110100001100100110001010011100110000100011110001110101110011100101010011000010000000000100000010
bits: 01110100000001000001101011111010000110100001100100110001010011100110000100011110001110101110011100101010011000010000000000100000010
bits: 11011001010011100001101110111010011010100011101011101001100001100110010110111110001110101101001111100010111000000000001011100000011
bits: 11011001010011100001101110111010011010100011101011101001100001100110010110111110001110101101001111100010111000000000001011100000011
best: 0.26229508196721313
bits: 00110101010101000001101011010000001100001000000100000000010000100100010000110110001111001110010100000010100101000001000010100000011
bits: 00110101010101000001101011010000001100001000000100000000010000100100010000110110001111001110010100000010100101000001000010100000011
bits: 10111001010101110001111000101110001100000000100010001000010001110000101100000010001100101100010110011000101100000000001001000000110
bits: 10111001010101110001111000101110001100000000100010001000010001110000101100000010001100101100010110011000101100000000001001000000110
bits: 11111001010101110001101001111110001100000001101011101000010001100100110110111110001100101100011111110000101100000000000001100000010
bits: 11111001010101110001101001111110001100000001101011101000010001100100110110111110001100101100011111110000101100000000000001100000010
bits: 00011011010001101101111001101010011000101100101100100001000001101100010000101010001011101010010000001011100010000001000111110010010
bits: 00011011010001101101111001101010011000101100101100100001000001101100010000101010001011101010010000001011100010000001000111110010010
bits: 00111101000110010101100010110010111111000000100010101001000011000110101110000010001100001110000000011001111100000001000001000010010
bits: 00111101000110010101100010110010111111000000100010101001000011000110101110000010001100001110000000011001111100000001000001000010010
bits: 10111001010101110001111000101110001100000000100010001000010001110000101100000010001100101100010110011000101100000000001001000000110
bits: 10111001010101110001111000101110001100000000100010001000010001110000101100000010001100101100010110011000101100000000001001000000110
bits: 10111101010101000001100111101010011100000001000010001001100001100101111100110010001100101110010110110010101100100000001001100000010
bits: 10111101010101000001100111101010011100000001000010001001100001100101111100110010001100101110010110110010101100100000001001100000010
bits: 01111001010101101101110010111010000000000001000010000001010001100011111100010010001110101111011000110010101100100000000011100000010
bits: 01111001010101101101110010111010000000000001000010000001010001100011111100010010001110101111011000110010101100100000000011100000010
bits: 10111100010111010001111011111010011100010011100010101001010001010110111100010010001100110110010100010000001101000000001001000100010
bits: 10111100010111010001111011111010011100010011100010101001010001010110111100010010001100110110010100010000001101000000001001000100010
bits: 00111001110110111011101011110110111001000101110110011000111110000010011001010010000100101110010101010110001001000000000001000001101
bits: 00111001110110111011101011110110111001000101110110011000111110000010011001010010000100101110010101010110001001000000000001000001101
bits: 11001111110111000001101001101100100010000001110010001000100100100001101110110011011100110011110101101001101100100000000001101011010
bits: 11001111110111000001101001101100100010000001110010001000100100100001101110110011011100110011110101101001101100100000000001101011010
bits: 10001000000011111000111000110001110110000100000101000011010010110111011101010010100010001001011100100111101101010001100011100111001
bits: 10001000000011111000111000110001110110000100000101000011010010110111011101010010100010001001011100100111101101010001100011100111001
bits: 00010011010011101111100010011000110001100011011101100111111010001011010111000110100100010000110001101011010001101011011011100011101
bits: 00010011010011101111100010011000110001100011011101100111111010001011010111000110100100010000110001101011010001101011011011100011101
bits: 11011110100001010100101110001010110111100101100000110000010101100001000010010101011010011100101000010100111100001010000100110100100
bits: 11011110100001010100101110001010110111100101100000110000010101100001000010010101011010011100101000010100111100001010000100110100100
bits: 00011100000101101011111100001111001111001010001101110110010001000101110000000011101110000001001000111111010100000001001010110110001
bits: 00011100000101101011111100001111001111001010001101110110010001000101110000000011101110000001001000111111010100000001001010110110001
bits: 01111101010001000001101011111010000100000001100110100000010001100100011100011010001110101110011100101010001000000000000001100000010
bits: 01111101010001000001101011111010000100000001100110100000010001100100011100011010001110101110011100101010001000000000000001100000010
bits: 00110101010111001001110011010000011101000100000100000001010000101101010000100110100111001110010100000001110101001011000011100000011
bits: 00110101010111001001110011010000011101000100000100000001010000101101010000100110100111001110010100000001110101001011000011100000011
bits: 01111110111101000001111111100110011110001101111110101001010011100000101100001110001010001101000110101001010100001000001000001101000
bits: 01111110111101000001111111100110011110001101111110101001010011100000101100001110001010001101000110101001010100001000001000001101000
bits: 10110101010001100001101011101110001110000000100000001000010001110100000100010110001100101110010100101000101000000000001001100000110
bits: 10110101010001100001101011101110001110000000100000001000010001110100000100010110001100101110010100101000101000000000001001100000110
bits: 10011001010111101101110110101010011000000001010010001001100001100011101110100010001100101101000010110010111100100000001011000000011
bits: 10011001010111101101110110101010011000000001010010001001100001100011101110100010001100101101000010110010111100100000001011000000011
bits: 00100010000010011101100010010010110111000100100111111001000010011011100111101100001101001010000001001001110101000001010011000010001
bits: 00100010000010011101100010010010110111000100100111111001000010011011100111101100001101001010000001001001110101000001010011000010001
bits: 10110110110111001001111110011011110101011011111100111001000001010010011100110010001110110111010000010000011101010001001100000110000
bits: 10110110110111001001111110011011110101011011111100111001000001010010011100110010001110110111010000010000011101010001001100000110000
bits: 11111101010101010001101001111110001100000001100010001000010001100100111100010010001100101110010100011000001100000000000001100000010
bits: 11111101010101010001101001111110001100000001100010001000010001100100111100010010001100101110010100011000001100000000000001100000010
bits: 01000000010011000001100010010000110101000101100101100011010000001011010011100110101110011110000001101000111101001000011001100001001
bits: 01000000010011000001100010010000110101000101100101100011010000001011010011100110101110011110000001101000111101001000011001100001001
bits: 10111001010101110001111000101110001100000000100010001000010001110000101100000010001100101100010110011000101100000000001001000000110
bits: 10111001010101110001111000101110001100000000100010001000010001110000101100000010001100101100010110011000101100000000001001000000110
bits: 01110101010001000001101011111010001110001001100100011000010001100100010000011110001010101110010100101010001100000000000000100000010
bits: 01110101010001000001101011111010001110001001100100011000010001100100010000011110001010101110010100101010001100000000000000100000010
bits: 11110100000000001001110111110010010100100011110110110001011001001100100100010010000111101110110100000110111100011000000000100100000
bits: 11110100000000001001110111110010010100100011110110110001011001001100100100010010000111101110110100000110111100011000000000100100000
best: 0.26229508196721313
bits: 00110110000110011101101110010010110111000110111100111001000000011010100111111010001101001010000000010000111101010001000010000110001
bits: 00110110000110011101101110010010110111000110111100111001000000011010100111111010001101001010000000010000111101010001000010000110001
bits: 11111100010111010001111111101010011100001101111010101001010001000100111100011110001100100100000110110000010100000000001000000101000
bits: 11111100010111010001111111101010011100001101111010101001010001000100111100011110001100100100000110110000010100000000001000000101000
bits: 00111101010101000001101011110000001100001000000010000001100000100100011100110110001110001110010110000010101101100001000011100000010
bits: 00111101010101000001101011110000001100001000000010000001100000100100011100110110001110001110010110000010101101100001000011100000010
bits: 00110101010001100001101011111110001110001001100100011000010001110100000000011110001010101110010100101000001100000000001001100000010
bits: 00110101010001100001101011111110001110001001100100011000010001110100000000011110001010101110010100101000001100000000001001100000010
bits: 11111101010001010001101011111110000100000001100110100000010001100100111100010010001110101110011100101000001000000000000001100000010
bits: 11111101010001010001101011111110000100000001100110100000010001100100111100010010001110101110011100101000001000000000000001100000010
bits: 01110001010111010001101011110010001111000101110100011000111110000110011000011010001110101110010101010010001001000000000001000001001
bits: 01110001010111010001101011110010001111000101110100011000111110000110011000011010001110101110010101010010001001000000000001000001001
bits: 01010000110011110001101011110000111001000101110110011001010000000010010011100110101110001110010101111100101101001000001001000001001
bits: 01010000110011110001101011110000111001000101110110011001010000000010010011100110101110001110010101111100101101001000001001000001001
bits: 10101111110111000001101011101100100110000000110000001000100000110001000100010111001100100010010100101001101100000000000001101001110
bits: 10101111110111000001101011101100100110000000110000001000100000110001000100010111001100100010010100101001101100000000000001101001110
bits: 01110111010101000001111111111010011110001001101110011000010001100000010000011110001010001111010100101010000100000000001000100100000
bits: 01110111010101000001111111111010011110001001101110011000010001100000010000011110001010001111010100101010000100000000001000100100000
bits: 01101111010000000101101111110010001110011001010110001100011101100000011100011110111010100010011100101001011101001001110110010001010
bits: 01101111010000000101101111110010001110011001010110001100011101100000011100011110111010100010011100101001011101001001110110010001010
bits: 11001000001011000001000001011000000101100110010111100111001100001110111101101111111110000101100001100111110000111101011010100100001
bits: 11001000001011000001000001011000000101100110010111100111001100001110111101101111111110000101100001100111110000111101011010100100001
bits: 10111001001100100001100101011110001010001000001010100000000000010000101100110111000001011001011101011001101001101000001000000011100
bits: 10111001001100100001100101011110001010001000001010100000000000010000101100110111000001011001011101011001101001101000001000000011100
bits: 00111101011100101111111011010001001100001000000000001010011010000100000010101110000010000110010100000011000011000001100010100000011
bits: 00111101011100101111111011010001001100001000000000001010011010000100000010101110000010000110010100000011000011000001100010100000011
bits: 11101110100010001000000101010001110110001101100010100011110110101011110011110100001010111110001001101111111111001101001001110001111
bits: 11101110100010001000000101010001110110001101100010100011110110101011110011110100001010111110001001101111111111001101001001110001111
bits: 10001011000101100000111000110101011100111101110100011010010010110010001100010011011001110101001110110010101100010111001001111001110
bits: 10001011000101100000111000110101011100111101110100011010010010110010001100010011011001110101001110110010101100010111001001111001110
bits: 00110101010101000001101011010000001100001000000100000000010000100100010000110110001111001110010100000010100101000001000010100000011
bits: 00110101010101000001101011010000001100001000000100000000010000100100010000110110001111001110010100000010100101000001000010100000011
bits: 10111001010101110001111000101110001100000000100010001000010001110000101100000010001100101100010110011000101100000000001001000000110
bits: 10111001010101110001111000101110001100000000100010001000010001110000101100000010001100101100010110011000101100000000001001000000110
bits: 11111001010101110001101001111110001100000001101011101000010001100100110110111110001100101100011111110000101100000000000001100000010
bits: 11111001010101110001101001111110001100000001101011101000010001100100110110111110001100101100011111110000101100000000000001100000010
bits: 00111101000110010101100010110010111111000000100010101001000011000110101110000010001100001110000000011001111100000001000001000010010
bits: 00111101000110010101100010110010111111000000100010101001000011000110101110000010001100001110000000011001111100000001000001000010010
bits: 10111101010101000001100111101010011100000001000010001001100001100101111100110010001100101110010110110010101100100000001001100000010
bits: 10111101010101000001100111101010011100000001000010001001100001100101111100110010001100101110010110110010101100100000001001100000010
bits: 01111001010101101101110010111010000000000001000010000001010001100011111100010010001110101111011000110010101100100000000011100000010
bits: 01111001010101101101110010111010000000000001000010000001010001100011111100010010001110101111011000110010101100100000000011100000010
bits: 10111100010111010001111011111010011100010011100010101001010001010110111100010010001100110110010100010000001101000000001001000100010
bits: 10111100010111010001111011111010011100010011100010101001010001010110111100010010001100110110010100010000001101000000001001000100010
bits: 00111001110110111011101011110110111001000101110110011000111110000010011001010010000100101110010101010110001001000000000001000001101
bits: 00111001110110111011101011110110111001000101110110011000111110000010011001010010000100101110010101010110001001000000000001000001101
bits: 11001111110111000001101001101100100010000001110010001000100100100001101110110011011100110011110101101001101100100000000001101011010
bits: 11001111110111000001101001101100100010000001110010001000100100100001101110110011011100110011110101101001101100100000000001101011010
bits: 00011100000101101011111100001111001111001010001101110110010001000101110000000011101110000001001000111111010100000001001010110110001
bits: 00011100000101101011111100001111001111001010001101110110010001000101110000000011101110000001001000111111010100000001001010110110001
bits: 01111101010001000001101011111010000100000001100110100000010001100100011100011010001110101110011100101010001000000000000001100000010
bits: 01111101010001000001101011111010000100000001100110100000010001100100011100011010001110101110011100101010001000000000000001100000010
bits: 00110101010111001001110011010000011101000100000100000001010000101101010000100110100111001110010100000001110101001011000011100000011
bits: 00110101010111001001110011010000011101000100000100000001010000101101010000100110100111001110010100000001110101001011000011100000011
best: 0.26229508196721313
bits: 00010100100011011001101111110010110101000100110110111001010000000010010011110010101100001110000100010000111101001000001010000111001
bits: 00010100100011011001101111110010110101000100110110111001010000000010010011110010101100001110000100010000111101001000001010000111001
bits: 10111001001100101001100011011010001010001000000000101010010000000100001100101110000000010000011100011001100011100000000000100010101
bits: 10111001001100101001100011011010001010001000000000101010010000000100001100101110000000010000011100011001100011100000000000100010101
bits: 10111011110110000001101011101100101100000101110110011000100110010000000000010011001100101010010100101101101001000000000001000001110
bits: 10111011110110000001101011101100101100000101110110011000100110010000000000010011001100101010010100101101101001000000000001000001110
bits: 00000111110111100001101011101100001010001001100100001000100100110101100000011111001100111010010100101000001100000000001001101011010
bits: 00000111110111100001101011101100001010001001100100001000100100110101100000011111001100111010010100101000001100000000001001101011010
bits: 00110110000110011101101110010010110111000110111100111001000000011010100111111010001101001010000000010000111101010001000010000110001
bits: 00110110000110011101101110010010110111000110111100111001000000011010100111111010001101001010000000010000111101010001000010000110001
bits: 00111001010101001001100011111010000000001001000010000001110000100100011100110010001110101110011110000010101101100001000011100000010
bits: 00111001010101001001100011111010000000001001000010000001110000100100011100110010001110101110011110000010101101100001000011100000010
bits: 00111111010111000001111011111000001100000000110100001001000000100001000100000110101101101110010100000001110101001001000001101000110
bits: 00111111010111000001111011111000001100000000110100001001000000100001000100000110101101101110010100000001110101001001000001101000110
bits: 00110110000110011001101011010010111111000100111100111001010000011010110001111010001111001010000101010000101001000000000010000100001
bits: 00110110000110011001101011010010111111000100111100111001010000011010110001111010001111001010000101010000101001000000000010000100001
bits: 10111100010011010001111011111010001100000001100010101000010001010110011100011010001100101110010100101010001000000000000001100000010
bits: 10111100010011010001111011111010001100000001100010101000010001010110011100011010001100101110010100101010001000000000000001100000010
bits: 10000000110001100001101111000110011011010111010111111111110101110100010101001001001011111111100100100001101110100100101111000001010
bits: 10000000110001100001101111000110011011010111010111111111110101110100010101001001001011111111100100100001101110100100101111000001010
bits: 10011111010110010011110111000010011101110011011010111101101001000110011100001010011110000110110100001000001101011000001001001101010
bits: 10011111010110010011110111000010011101110011011010111101101001000110011100001010011110000110110100001000001101011000001001001101010
bits: 11111111000000011101101011011100000100000101111110101000110000100100111000101011101110101000011000101001000001000010100000000000100
bits: 11111111000000011101101011011100000100000101111110101000110000100100111000101011101110101000011000101001000001000010100000000000100
bits: 10101111011100001111101001110111001111010010011100001111100100100100110111111100101010100011010101010011001100000011110001100001000
bits: 10101111011100001111101001110111001111010010011100001111100100100100110111111100101010100011010101010011001100000011110001100001000
bits: 01011100000000000011011100011111010100011001001101010111000101010101100110011001100110101001111000111111110101000101001001001110101
bits: 01011100000000000011011100011111010100011001001101010111000101010101100110011001100110101001111000111111110101000101001001001110101
bits: 11100011010100110111110010101010101100000000010110001101110011010011111001000010001000101111001000111000101000011001001100100001110
bits: 11100011010100110111110010101010101100000000010110001101110011010011111001000010001000101111001000111000101000011001001100100001110
bits: 00110110000110011101101110010010110111000110111100111001000000011010100111111010001101001010000000010000111101010001000010000110001
bits: 00110110000110011101101110010010110111000110111100111001000000011010100111111010001101001010000000010000111101010001000010000110001
bits: 11111100010111010001111111101010011100001101111010101001010001000100111100011110001100100100000110110000010100000000001000000101000
bits: 11111100010111010001111111101010011100001101111010101001010001000100111100011110001100100100000110110000010100000000001000000101000
bits: 00111101010101000001101011110000001100001000000010000001100000100100011100110110001110001110010110000010101101100001000011100000010
bits: 00111101010101000001101011110000001100001000000010000001100000100100011100110110001110001110010110000010101101100001000011100000010
bits: 00110101010001100001101011111110001110001001100100011000010001110100000000011110001010101110010100101000001100000000001001100000010
bits: 00110101010001100001101011111110001110001001100100011000010001110100000000011110001010101110010100101000001100000000001001100000010
bits: 11111101010001010001101011111110000100000001100110100000010001100100111100010010001110101110011100101000001000000000000001100000010
bits: 11111101010001010001101011111110000100000001100110100000010001100100111100010010001110101110011100101000001000000000000001100000010
bits: 01110001010111010001101011110010001111000101110100011000111110000110011000011010001110101110010101010010001001000000000001000001001
bits: 01110001010111010001101011110010001111000101110100011000111110000110011000011010001110101110010101010010001001000000000001000001001
bits: 01010000110011110001101011110000111001000101110110011001010000000010010011100110101110001110010101111100101101001000001001000001001
bits: 01010000110011110001101011110000111001000101110110011001010000000010010011100110101110001110010101111100101101001000001001000001001
bits: 10101111110111000001101011101100100110000000110000001000100000110001000100010111001100100010010100101001101100000000000001101001110
bits: 10101111110111000001101011101100100110000000110000001000100000110001000100010111001100100010010100101001101100000000000001101001110
bits: 01110111010101000001111111111010011110001001101110011000010001100000010000011110001010001111010100101010000100000000001000100100000
bits: 01110111010101000001111111111010011110001001101110011000010001100000010000011110001010001111010100101010000100000000001000100100000
bits: 01101111010000000101101111110010001110011001010110001100011101100000011100011110111010100010011100101001011101001001110110010001010
bits: 01101111010000000101101111110010001110011001010110001100011101100000011100011110111010100010011100101001011101001001110110010001010
bits: 10111001001100100001100101011110001010001000001010100000000000010000101100110111000001011001011101011001101001101000001000000011100
bits: 10111001001100100001100101011110001010001000001010100000000000010000101100110111000001011001011101011001101001101000001000000011100
bits: 00111101011100101111111011010001001100001000000000001010011010000100000010101110000010000110010100000011000011000001100010100000011
bits: 00111101011100101111111011010001001100001000000000001010011010000100000010101110000010000110010100000011000011000001100010100000011
best: 0.26229508196721313
bits: 00110011111111100001100111101100001010001000000110100000000100110000100100011111001000111001011100001001101001100000001000001011000
bits: 00110011111111100001100111101100001010001000000110100000000100110000100100011111001000111001011100001001101001100000001000001011000
bits: 10000000110011010001101111000010111011010100110110111001010000100010010001001011101010011111000100010001101111000000001010000001011
bits: 10000000110011010001101111000010111011010100110110111001010000100010010001001011101010011111000100010001101111000000001010000001011
bits: 10000000110011100001101111100010011011000101110110011011010100000100010111001010001111001111100100101001101110000100001111000001011
bits: 10000000110011100001101111100010011011000101110110011011010100000100010111001010001111001111100100101001101110000100001111000001011
bits: 01111111010100000001111111111010011110001000001100001000010001000100010100101110001000011010010100111011000011000000000000100110101
bits: 01111111010100000001111111111010011110001000001100001000010001000100010100101110001000011010010100111011000011000000000000100110101
bits: 00111111000110000001111010011000000100000100110100111001000000001001100100000110101101001110000100000001111101001001000010100100010
bits: 00111111000110000001111010011000000100000100110100111001000000001001100100000110101101001110000100000001111101001001000010100100010
bits: 10111101000000000101101011001100011100000101110110101101110100100100111001101001101010111100111100101001100111100010101000000001010
bits: 10111101000000000101101011001100011100000101110110101101110100100100111001101001101010111100111100101001100111100010101000000001010
bits: 01110001010111000001101111110010001111001001101110011000011000100100010000011110001010101111010100110010000101000000001001100001000
bits: 01110001010111000001101111110010001111001001101110011000011000100100010000011110001010101111010100110010000101000000001001100001000
bits: 11000010110101110101111111101110101001010001010110101101110101110011010101000000001010111111100100111000101010101000101100100001010
bits: 11000010110101110101111111101110101001010001010110101101110101110011010101000000001010111111100100111000101010101000101100100001010
bits: 00110110000110011101101110010010110111000110111100111001000000011010100111111010001101001010000000010000111101010001000010000110001
bits: 00110110000110011101101110010010110111000110111100111001000000011010100111111010001101001010000000010000111101010001000010000110001
bits: 11101101101111010011101011100001000100001101100100110010110011100100111101111001100010101111111110111111000010101010100010000100010
bits: 11101101101111010011101011100001000100001101100100110010110011100100111101111001100010101111111110111111000010101010100010000100010
bits: 00011011111100000000101101111001110110100110110111010100000110111010000100100001001100001000010100100110110111000010001101000001110
bits: 00011011111100000000101101111001110110100110110111010100000110111010000100100001001100001000010100100110110111000010001101000001110
bits: 00110110000100101011101111101010010000100010011000010111010111011100101100111010001001101010000100010011110001011000000010001110001
bits: 00110110000100101011101111101010010000100010011000010111010111011100101100111010001001101010000100010011110001011000000010001110001
bits: 10100100010110001101001011010010110011000111110100000001100000110100101011010011011001111000000001001100101100011110001011011111000
bits: 10100100010110001101001011010010110011000111110100000001100000110100101011010011011001111000000001001100101100011110001011011111000
bits: 11111001110010000100111101111100101101000110010110010100100110011011001101011111000111001111010100101011000110111010000000010111010
bits: 11111001110010000100111101111100101101000110010110010100100110011011001101011111000111001111010100101011000110111010000000010111010
bits: 00110111101100000100001011101000001100011000100010010001111010100001011000110101000100101010010110101110100101101001000111100100111
bits: 00110111101100000100001011101000001100011000100010010001111010100001011000110101000100101010010110101110100101101001000111100100111
bits: 00010100100011011001101111110010110101000100110110111001010000000010010011110010101100001110000100010000111101001000001010000111001
bits: 00010100100011011001101111110010110101000100110110111001010000000010010011110010101100001110000100010000111101001000001010000111001
bits: 10111001001100101001100011011010001010001000000000101010010000000100001100101110000000010000011100011001100011100000000000100010101
bits: 10111001001100101001100011011010001010001000000000101010010000000100001100101110000000010000011100011001100011100000000000100010101
bits: 10111011110110000001101011101100101100000101110110011000100110010000000000010011001100101010010100101101101001000000000001000001110
bits: 10111011110110000001101011101100101100000101110110011000100110010000000000010011001100101010010100101101101001000000000001000001110
bits: 00000111110111100001101011101100001010001001100100001000100100110101100000011111001100111010010100101000001100000000001001101011010
bits: 00000111110111100001101011101100001010001001100100001000100100110101100000011111001100111010010100101000001100000000001001101011010
bits: 00110110000110011101101110010010110111000110111100111001000000011010100111111010001101001010000000010000111101010001000010000110001
bits: 00110110000110011101101110010010110111000110111100111001000000011010100111111010001101001010000000010000111101010001000010000110001
bits: 00111001010101001001100011111010000000001001000010000001110000100100011100110010001110101110011110000010101101100001000011100000010
bits: 00111001010101001001100011111010000000001001000010000001110000100100011100110010001110101110011110000010101101100001000011100000010
bits: 00111111010111000001111011111000001100000000110100001001000000100001000100000110101101101110010100000001110101001001000001101000110
bits: 00111111010111000001111011111000001100000000110100001001000000100001000100000110101101101110010100000001110101001001000001101000110
bits: 00110110000110011001101011010010111111000100111100111001010000011010110001111010001111001010000101010000101001000000000010000100001
bits: 00110110000110011001101011010010111111000100111100111001010000011010110001111010001111001010000101010000101001000000000010000100001
bits: 10111100010011010001111011111010001100000001100010101000010001010110011100011010001100101110010100101010001000000000000001100000010
bits: 10111100010011010001111011111010001100000001100010101000010001010110011100011010001100101110010100101010001000000000000001100000010
bits: 10000000110001100001101111000110011011010111010111111111110101110100010101001001001011111111100100100001101110100100101111000001010
bits: 10000000110001100001101111000110011011010111010111111111110101110100010101001001001011111111100100100001101110100100101111000001010
bits: 11111111000000011101101011011100000100000101111110101000110000100100111000101011101110101000011000101001000001000010100000000000100
bits: 11111111000000011101101011011100000100000101111110101000110000100100111000101011101110101000011000101001000001000010100000000000100
bits: 10101111011100001111101001110111001111010010011100001111100100100100110111111100101010100011010101010011001100000011110001100001000
bits: 10101111011100001111101001110111001111010010011100001111100100100100110111111100101010100011010101010011001100000011110001100001000
best: 0.26229508196721313
bits: 00110111010111001001011011110010111010000111110100000001100000110100001011000010101101111110010101000101111101001100000011001000000
bits: 00110111010111001001011011110010111010000111110100000001100000110100001011000010101101111110010101000101111101001100000011001000000
bits: 01111111100110000000111011111100100100000110010100110101100000001001101101000110100111001111000100001001010100001000000010000100010
bits: 01111111100110000000111011111100100100000110010100110101100000001001101101000110100111001111000100001001010100001000000010000100010
bits: 00110110011111111101100111111100010011001110110110110001000000110010100101111010001001111011000100000001111001110001000000001011001
bits: 00110110011111111101100111111100010011001110110110110001000000110010100101111010001001111011000100000001111001110001000000001011001
bits: 11010010100111010101101111101110111001010000010110101001110101010011010111010000001100001110000100010000111111101000101010100001011
bits: 11010010100111010101101111101110111001010000010110101001110101010011010111010000001100001110000100010000111111101000101010100001011
bits: 10010100110011110001101111100110011101010101010110111001010101000100010101110001101100111111100100110000111110001100101110000011000
bits: 10010100110011110001101111100110011101010101010110111001010101000100010101110001101100111111100100110000111110001100101110000011000
bits: 11111101010111010001101011111001000100001000100100111011010010100101100101000001100110101111110110000011010010101010000011101000110
bits: 11111101010111010001101011111001000100001000100100111011010010100101100101000001100110101111110110000011010010101010000011101000110
bits: 00111111000110000101101110010000010100000110110100111001000000001001100100110110101101001010000000000001111101001001000010100100010
bits: 00111111000110000101101110010000010100000110110100111001000000001001100100110110101101001010000000000001111101001001000010100100010
bits: 10110100010100000101101011000010011101000101110110100101100100100100111011101011001010111000001000001000100100001110001001001101010
bits: 10110100010100000101101011000010011101000101110110100101100100100100111011101011001010111000001000001000100100001110001001001101010
bits: 00101101011100001001100011111010001000001011011000000001100100100100110111111110001110100110010100000010001101000011100001100000010
bits: 00101101011100001001100011111010001000001011011000000001100100100100110111111110001110100110010100000010001101000011100001100000010
bits: 00110100100111010000111110000111110111101101111110010011011101100000110010111011001000011010101101111101101101000001000101010110100
bits: 00110100100111010000111110000111110111101101111110010011011101100000110010111011001000011010101101111101101101000001000101010110100
bits: 10011000001000011010101100100001001111110000100110111010110101000010111000010010011111111111101101000001000101000000001011001000010
bits: 10011000001000011010101100100001001111110000100110111010110101000010111000010010011111111111101101000001000101000000001011001000010
bits: 11011110010011001101101100110011100011101110010111001001001100110010010010111010010001001011000011011000001111001000101001100111101
bits: 11011110010011001101101100110011100011101110010111001001001100110010010010111010010001001011000011011000001111001000101001100111101
bits: 10000111100111000101001000111111011101000000011101101001000101010100100001010010111100101111001100000010111001001011100001101101110
bits: 10000111100111000101001000111111011101000000011101101001000101010100100001010010111100101111001100000010111001001011100001101101110
bits: 10111110010110001001111011111010011111001101100100111011010100011000000000111010001111101010011100000010001001000101000010000000000
bits: 10111110010110001001111011111010011111001101100100111011010100011000000000111010001111101010011100000010001001000101000010000000000
bits: 11111001000100111000010011110011011110011000101010000000110010100001000000101010111111001000010100010011010101100010000100100010100
bits: 11111001000100111000010011110011011110011000101010000000110010100001000000101010111111001000010100010011010101100010000100100010100
bits: 00110011111111100001100111101100001010001000000110100000000100110000100100011111001000111001011100001001101001100000001000001011000
bits: 00110011111111100001100111101100001010001000000110100000000100110000100100011111001000111001011100001001101001100000001000001011000
bits: 10000000110011010001101111000010111011010100110110111001010000100010010001001011101010011111000100010001101111000000001010000001011
bits: 10000000110011010001101111000010111011010100110110111001010000100010010001001011101010011111000100010001101111000000001010000001011
bits: 10000000110011100001101111100010011011000101110110011011010100000100010111001010001111001111100100101001101110000100001111000001011
bits: 10000000110011100001101111100010011011000101110110011011010100000100010111001010001111001111100100101001101110000100001111000001011
bits: 01111111010100000001111111111010011110001000001100001000010001000100010100101110001000011010010100111011000011000000000000100110101
bits: 01111111010100000001111111111010011110001000001100001000010001000100010100101110001000011010010100111011000011000000000000100110101
bits: 00111111000110000001111010011000000100000100110100111001000000001001100100000110101101001110000100000001111101001001000010100100010
bits: 00111111000110000001111010011000000100000100110100111001000000001001100100000110101101001110000100000001111101001001000010100100010
bits: 10111101000000000101101011001100011100000101110110101101110100100100111001101001101010111100111100101001100111100010101000000001010
bits: 10111101000000000101101011001100011100000101110110101101110100100100111001101001101010111100111100101001100111100010101000000001010
bits: 01110001010111000001101111110010001111001001101110011000011000100100010000011110001010101111010100110010000101000000001001100001000
bits: 01110001010111000001101111110010001111001001101110011000011000100100010000011110001010101111010100110010000101000000001001100001000
bits: 11000010110101110101111111101110101001010001010110101101110101110011010101000000001010111111100100111000101010101000101100100001010
bits: 11000010110101110101111111101110101001010001010110101101110101110011010101000000001010111111100100111000101010101000101100100001010
bits: 00110110000110011101101110010010110111000110111100111001000000011010100111111010001101001010000000010000111101010001000010000110001
bits: 00110110000110011101101110010010110111000110111100111001000000011010100111111010001101001010000000010000111101010001000010000110001
bits: 11101101101111010011101011100001000100001101100100110010110011100100111101111001100010101111111110111111000010101010100010000100010
bits: 11101101101111010011101011100001000100001101100100110010110011100100111101111001100010101111111110111111000010101010100010000100010
bits: 00010100100011011001101111110010110101000100110110111001010000000010010011110010101100001110000100010000111101001000001010000111001
bits: 00010100100011011001101111110010110101000100110110111001010000000010010011110010101100001110000100010000111101001000001010000111001
bits: 10111001001100101001100011011010001010001000000000101010010000000100001100101110000000010000011100011001100011100000000000100010101
bits: 10111001001100101001100011011010001010001000000000101010010000000100001100101110000000010000011100011001100011100000000000100010101
best: 0.26229508196721313
bits: 00111110000010011101101110110011110011100110111110111001001100111010010111111010011101001011000000010000011111000001000000000110101
bits: 00111110000010011101101110110011110011100110111110111001001100111010010111111010011101001011000000010000011111000001000000000110101
bits: 10011010000101001101100111101010101010000000010010101000010100000111010100110110000000000010001100011001110111101000101010100011111
bits: 10011010000101001101100111101010101010000000010010101000010100000111010100110110000000000010001100011001110111101000101010100011111
bits: 00110101110111011001101011111001110101001100100100111011010000100100000011110011100110001110100100010000011000001000000010101110010
bits: 00110101110111011001101011111001110101001100100100111011010000100100000011110011100110001110100100010000011000001000000010101110010
bits: 00110100000000011101101111100010010101000101110110111101000000000100010011100011101010011000000000011000111101001010001000000101000
bits: 00110100000000011101101111100010010101000101110110111101000000000100010011100011101010011000000000011000111101001010001000000101000
bits: 01010110100011010101101111110110111101000000010110101001110100000011010111010010001100001110000100010000111101001000001010000101011
bits: 01010110100011010101101111110110111101000000010110101001110100000011010111010010001100001110000100010000111101001000001010000101011
bits: 11101101111101011011100011101000000100001111011000110011100001100100111101111010100010101110011100100010000001101011100010100100010
bits: 11101101111101011011100011101000000100001111011000110011100001100100111101111010100010101110011100100010000001101011100010100100010
bits: 11111010110111011101111111111010011011010101000100111001110100010010010100011000001101101010011100010000101011101101000010100001000
bits: 11111010110111011101111111111010011011010101000100111001110100010010010100011000001101101010011100010000101011101101000010100001000
bits: 10010000001111010001100011011110101011010000000110101010010100000001011111101100001100011110001100010001110111100000100000100011011
bits: 10010000001111010001100011011110101011010000000110101010010100000001011111101100001100011110001100010001110111100000100000100011011
bits: 10110110110110010001101111001010011111011101100110111011010000010000010000101010101010001010010100010011101101000000000010000001010
bits: 10110110110110010001101111001010011111011101100110111011010000010000010000101010101010001010010100010011101101000000000010000001010
bits: 01011101011110010011101110111101011110101101000111010001011111010100010110011110101010100110110101010010010101100010111001010111000
bits: 01011101011110010011101110111101011110101101000111010001011111010100010110011110101010100110110101010010010101100010111001010111000
bits: 00010110011111001000110101111010010111001111100111110000001000111010100101110010001011101000000101000111011111101001000100011111011
bits: 00010110011111001000110101111010010111001111100111110000001000111010100101110010001011101000000101000111011111101001000100011111011
bits: 11111111010001011000110111101000011100001100111110110001000000101111001100101111001011111011000100100011000011110010000000111110001
bits: 11111111010001011000110111101000011100001100111110110001000000101111001100101111001011111011000100100011000011110010000000111110001
bits: 10000000010111010101010011010110011101100110111111011011101011000010001111111011000111011011110000100010011000100100101111001001111
bits: 10000000010111010101010011010110011101100110111111011011101011000010001111111011000111011011110000100010011000100100101111001001111
bits: 11101000100110010011000110101101100001001100000000110111010101100110101111011011110000010011111100101101000100101110110011000101010
bits: 11101000100110010011000110101101100001001100000000110111010101100110101111011011110000010011111100101101000100101110110011000101010
bits: 00000001010001011101101110000000111001101100100011011101011100001101111111111100001111001010011000111100101010000100111111011010001
bits: 00000001010001011101101110000000111001101100100011011101011100001101111111111100001111001010011000111100101010000100111111011010001
bits: 00110110011111111101100111111100010011001110110110110001000000110010100101111010001001111011000100000001111001110001000000001011001
bits: 00110110011111111101100111111100010011001110110110110001000000110010100101111010001001111011000100000001111001110001000000001011001
bits: 11010010100111010101101111101110111001010000010110101001110101010011010111010000001100001110000100010000111111101000101010100001011
bits: 11010010100111010101101111101110111001010000010110101001110101010011010111010000001100001110000100010000111111101000101010100001011
bits: 10010100110011110001101111100110011101010101010110111001010101000100010101110001101100111111100100110000111110001100101110000011000
bits: 10010100110011110001101111100110011101010101010110111001010101000100010101110001101100111111100100110000111110001100101110000011000
bits: 11111101010111010001101011111001000100001000100100111011010010100101100101000001100110101111110110000011010010101010000011101000110
bits: 11111101010111010001101011111001000100001000100100111011010010100101100101000001100110101111110110000011010010101010000011101000110
bits: 00111111000110000101101110010000010100000110110100111001000000001001100100110110101101001010000000000001111101001001000010100100010
bits: 00111111000110000101101110010000010100000110110100111001000000001001100100110110101101001010000000000001111101001001000010100100010
bits: 10110100010100000101101011000010011101000101110110100101100100100100111011101011001010111000001000001000100100001110001001001101010
bits: 10110100010100000101101011000010011101000101110110100101100100100100111011101011001010111000001000001000100100001110001001001101010
bits: 00101101011100001001100011111010001000001011011000000001100100100100110111111110001110100110010100000010001101000011100001100000010
bits: 00101101011100001001100011111010001000001011011000000001100100100100110111111110001110100110010100000010001101000011100001100000010
bits: 10111110010110001001111011111010011111001101100100111011010100011000000000111010001111101010011100000010001001000101000010000000000
bits: 10111110010110001001111011111010011111001101100100111011010100011000000000111010001111101010011100000010001001000101000010000000000
bits: 00110011111111100001100111101100001010001000000110100000000100110000100100011111001000111001011100001001101001100000001000001011000
bits: 00110011111111100001100111101100001010001000000110100000000100110000100100011111001000111001011100001001101001100000001000001011000
bits: 10000000110011010001101111000010111011010100110110111001010000100010010001001011101010011111000100010001101111000000001010000001011
bits: 10000000110011010001101111000010111011010100110110111001010000100010010001001011101010011111000100010001101111000000001010000001011
bits: 10000000110011100001101111100010011011000101110110011011010100000100010111001010001111001111100100101001101110000100001111000001011
bits: 10000000110011100001101111100010011011000101110110011011010100000100010111001010001111001111100100101001101110000100001111000001011
bits: 01111111010100000001111111111010011110001000001100001000010001000100010100101110001000011010010100111011000011000000000000100110101
bits: 01111111010100000001111111111010011110001000001100001000010001000100010100101110001000011010010100111011000011000000000000100110101
best: 0.26229508196721313
bits: 11111100010010010101101111110011100111100110111110111001000100111000010101011001010110001111000100000011010110100001000010101000110
bits: 11111100010010010101101111110011100111100110111110111001000100111000010101011001010110001111000100000011010110100001000010101000110
bits: 01111110110111011101111111111010011001000000000100101001110100010010010101010000001101001110000100010000101111101101001010000001010
bits: 01111110110111011101111111111010011001000000000100101001110100010010010101010000001101001110000100010000101111101101001010000001010
bits: 00110101011101001001101011111000010101001111101100110011000000100100100011111111001110101110100100010000011101001001000011100010010
bits: 00110101011101001001101011111000010101001111101100110011000000100100100011111111001110101110100100010000011101001001000011100010010
bits: 00011110010011000001101111101010011111001000111110001001010100000100010100001110001100011010110100101001000111000100000001100110111
bits: 00011110010011000001101111101010011111001000111110001001010100000100010100001110001100011010110100101001000111000100000001100110111
bits: 01001101011010010011101110000001111100101101100011010101011111001101111111111110001110001010011100110010000011100110111101010011001
bits: 01001101011010010011101110000001111100101101100011010101011111001101111111111110001110001010011100110010000011100110111101010011001
bits: 00110110100111010101101111110100111101001000010110101001010100000001010011110011000110001110000100010000111101001000000010101110010
bits: 00110110100111010101101111110100111101001000010110101001010100000001010011110011000110001110000100010000111101001000000010101110010
bits: 10010000111111010001101111110110001011000000010110111010010100000101011111001100001101011110001100000001110111100000001111000011011
bits: 10010000111111010001101111110110001011000000010110111010010100000101011111001100001101011110001100000001110111100000001111000011011
bits: 11110010110111000001100111111100001010000001000100100000110100010000110100011100001001111001011100000000101001100001001000101011000
bits: 11110010110111000001100111111100001010000001000100100000110100010000110100011100001001111001011100000000101001100001001000101011000
bits: 10110100001100010001100011001110011001010101000110100011000100000100111011101000001000011110001000010001110110001000101001001001011
bits: 10110100001100010001100011001110011001010101000110100011000100000100111011101000001000011110001000010001110110001000101001001001011
bits: 10111101100110000000110011110110101000000100101101011000100011110000110010100110011001101000110101110011001011100110000000100101000
bits: 10111101100110000000110011110110101000000100101101011000100011110000110010100110011001101000110101110011001011100110000000100101000
bits: 11010010001101010111100011000111001010000111010000111001111110000010011101010100101111001111000110010010110000011011001000010111110
bits: 11010010001101010111100011000111001010000111010000111001111110000010011101010100101111001111000110010010110000011011001000010111110
bits: 01010000100101011001001110001101111111001100010100001110100011000000011000010110000100001010000111010110100100100001001010001101111
bits: 01010000100101011001001110001101111111001100010100001110100011000000011000010110000100001010000111010110100100100001001010001101111
bits: 11111111010101110101101010111100001100001101100110010111001001100010111001111001100110100110110100001111010100101010010011011000111
bits: 11111111010101110101101010111100001100001101100110010111001001100010111001111001100110100110110100001111010100101010010011011000111
bits: 01111111111100111001110001011000110011011101111110111010111010100110001100110010100010011010000000110011011011001000010010100100010
bits: 01111111111100111001110001011000110011011101111110111010111010100110001100110010100010011010000000110011011011001000010010100100010
bits: 10000011000100110011001110111001100001111101010010110110001000110101101011001111101110010111101100001101010101101111110111100001110
bits: 10000011000100110011001110111001100001111101010010110110001000110101101011001111101110010111101100001101010101101111110111100001110
bits: 10011010000101001101100111101010101010000000010010101000010100000111010100110110000000000010001100011001110111101000101010100011111
bits: 10011010000101001101100111101010101010000000010010101000010100000111010100110110000000000010001100011001110111101000101010100011111
bits: 00110101110111011001101011111001110101001100100100111011010000100100000011110011100110001110100100010000011000001000000010101110010
bits: 00110101110111011001101011111001110101001100100100111011010000100100000011110011100110001110100100010000011000001000000010101110010
bits: 00110100000000011101101111100010010101000101110110111101000000000100010011100011101010011000000000011000111101001010001000000101000
bits: 00110100000000011101101111100010010101000101110110111101000000000100010011100011101010011000000000011000111101001010001000000101000
bits: 01010110100011010101101111110110111101000000010110101001110100000011010111010010001100001110000100010000111101001000001010000101011
bits: 01010110100011010101101111110110111101000000010110101001110100000011010111010010001100001110000100010000111101001000001010000101011
bits: 11101101111101011011100011101000000100001111011000110011100001100100111101111010100010101110011100100010000001101011100010100100010
bits: 11101101111101011011100011101000000100001111011000110011100001100100111101111010100010101110011100100010000001101011100010100100010
bits: 11111010110111011101111111111010011011010101000100111001110100010010010100011000001101101010011100010000101011101101000010100001000
bits: 11111010110111011101111111111010011011010101000100111001110100010010010100011000001101101010011100010000101011101101000010100001000
bits: 10010000001111010001100011011110101011010000000110101010010100000001011111101100001100011110001100010001110111100000100000100011011
bits: 10010000001111010001100011011110101011010000000110101010010100000001011111101100001100011110001100010001110111100000100000100011011
bits: 10110110110110010001101111001010011111011101100110111011010000010000010000101010101010001010010100010011101101000000000010000001010
bits: 10110110110110010001101111001010011111011101100110111011010000010000010000101010101010001010010100010011101101000000000010000001010
bits: 00110110011111111101100111111100010011001110110110110001000000110010100101111010001001111011000100000001111001110001000000001011001
bits: 00110110011111111101100111111100010011001110110110110001000000110010100101111010001001111011000100000001111001110001000000001011001
bits: 11010010100111010101101111101110111001010000010110101001110101010011010111010000001100001110000100010000111111101000101010100001011
bits: 11010010100111010101101111101110111001010000010110101001110101010011010111010000001100001110000100010000111111101000101010100001011
bits: 10010100110011110001101111100110011101010101010110111001010101000100010101110001101100111111100100110000111110001100101110000011000
bits: 10010100110011110001101111100110011101010101010110111001010101000100010101110001101100111111100100110000111110001100101110000011000
bits: 11111101010111010001101011111001000100001000100100111011010010100101100101000001100110101111110110000011010010101010000011101000110
bits: 11111101010111010001101011111001000100001000100100111011010010100101100101000001100110101111110110000011010010101010000011101000110
best: 0.26229508196721313
bits: 00011110011111011001100111111110011011001010111110001001010000000100110101001010001001111011000100001001010001100000000001100010111
bits: 00011110011111011001100111111110011011001010111110001001010000000100110101001010001001111011000100001001010001100000000001100010111
bits: 10101101110101011001101011101000000100001100110100110011100001100100010101110010100010001110000100010000001000101011000010100110010
bits: 10101101110101011001101011101000000100001100110100110011100001100100010101110010100010001110000100010000001000101011000010100110010
bits: 10010100010011111001100111100100010101000100110110111001000001100110000101111011101001111011100100110001111110011101000100000011000
bits: 10010100010011111001100111100100010101000100110110111001000001100110000101111011101001111011100100110001111110011101000100000011000
bits: 10011100010111010001101111111010000100001000110110001011010000100101000101001110000100111011110100100011000010000010000011101110110
bits: 10011100010111010001101111111010000100001000110110001011010000100101000101001110000100111011110100100011000010000010000011101110110
bits: 00110110010111001001100011111000010000000101101100110000100100110000110101011111001110101100001100000000001101001001001001101010000
bits: 00110110010111001001100011111000010000000101101100110000100100110000110101011111001110101100001100000000001101001001001001101010000
bits: 11101100111100010011101011110010100111000111111010110001000100110000111101111001100110101111011100100010000001100001000010100000010
bits: 11101100111100010011101011110010100111000111111010110001000100110000111101111001100110101111011100100010000001100001000010100000010
bits: 11010110011011110111101111100111001100010101010110111001110100000100010101110001101111011111100110010000110110001111001010010011110
bits: 11010110011011110111101111100111001100010101010110111001110100000100010101110001101111011111100110010000110110001111001010010011110
bits: 10011111010101100101101111101100101110001101100110111110011100000010010001110011000100100110011100011101010100101010001010011011111
bits: 10011111010101100101101111101100101110001101100110111110011100000010010001110011000100100110011100011101010100101010001010011011111
bits: 11010000110111011001110011111010101011010000000110101001110100010000010111011000001101011010001100010001100011101001000010100001001
bits: 11010000110111011001110011111010101011010000000110101001110100010000010111011000001101011010001100010001100011101001000010100001001
bits: 00100100100101010001101101110101110111001010010110001001000110010111010010010010000010101000000000011101111001011000100010001110100
bits: 00100100100101010001101101110101110111001010010110001001000110010111010010010010000010101000000000011101111001011000100010001110100
bits: 10010010100001111001010110110111001010000100100100111000010101100011011110101000001000111110001100000001010111000000101110001011101
bits: 10010010100001111001010110110111001010000100100100111000010101100011011110101000001000111110001100000001010111000000101110001011101
bits: 11111101111000110001100000101010000100111111001011100010100111101111011101111011001100101101111011111000000101011011101000100100000
bits: 11111101111000110001100000101010000100111111001011100010100111101111011101111011001100101101111011111000000101011011101000100100000
bits: 10101000000101001101101011001010001110010000010010101100110110001111100110100110101001000110011001010001111101001011100000110011001
bits: 10101000000101001101101011001010001110010000010010101100110110001111100110100110101001000110011001010001111101001011100000110011001
bits: 00011110001011011110110000111110011111101011111111001101110010010100000100001001011000001000110110001000100011000000001001001100111
bits: 00011110001011011110110000111110011111101011111111001101110010010100000100001001011000001000110110001000100011000000001001001100111
bits: 10101101100011100101100110101001100111111001111000001011011100001101000101000010000110101000111111100001110100011000001101100110111
bits: 10101101100011100101100110101001100111111001111000001011011100001101000101000010000110101000111111100001110100011000001101100110111
bits: 01111110110111011101111111111010011001000000000100101001110100010010010101010000001101001110000100010000101111101101001010000001010
bits: 01111110110111011101111111111010011001000000000100101001110100010010010101010000001101001110000100010000101111101101001010000001010
bits: 00110101011101001001101011111000010101001111101100110011000000100100100011111111001110101110100100010000011101001001000011100010010
bits: 00110101011101001001101011111000010101001111101100110011000000100100100011111111001110101110100100010000011101001001000011100010010
bits: 00011110010011000001101111101010011111001000111110001001010100000100010100001110001100011010110100101001000111000100000001100110111
bits: 00011110010011000001101111101010011111001000111110001001010100000100010100001110001100011010110100101001000111000100000001100110111
bits: 01001101011010010011101110000001111100101101100011010101011111001101111111111110001110001010011100110010000011100110111101010011001
bits: 01001101011010010011101110000001111100101101100011010101011111001101111111111110001110001010011100110010000011100110111101010011001
bits: 00110110100111010101101111110100111101001000010110101001010100000001010011110011000110001110000100010000111101001000000010101110010
bits: 00110110100111010101101111110100111101001000010110101001010100000001010011110011000110001110000100010000111101001000000010101110010
bits: 10010000111111010001101111110110001011000000010110111010010100000101011111001100001101011110001100000001110111100000001111000011011
bits: 10010000111111010001101111110110001011000000010110111010010100000101011111001100001101011110001100000001110111100000001111000011011
bits: 11110010110111000001100111111100001010000001000100100000110100010000110100011100001001111001011100000000101001100001001000101011000
bits: 11110010110111000001100111111100001010000001000100100000110100010000110100011100001001111001011100000000101001100001001000101011000
bits: 10110100001100010001100011001110011001010101000110100011000100000100111011101000001000011110001000010001110110001000101001001001011
bits: 10110100001100010001100011001110011001010101000110100011000100000100111011101000001000011110001000010001110110001000101001001001011
bits: 11010010001101010111100011000111001010000111010000111001111110000010011101010100101111001111000110010010110000011011001000010111110
bits: 11010010001101010111100011000111001010000111010000111001111110000010011101010100101111001111000110010010110000011011001000010111110
bits: 11111111010101110101101010111100001100001101100110010111001001100010111001111001100110100110110100001111010100101010010011011000111
bits: 11111111010101110101101010111100001100001101100110010111001001100010111001111001100110100110110100001111010100101010010011011000111
bits: 01111111111100111001110001011000110011011101111110111010111010100110001100110010100010011010000000110011011011001000010010100100010
bits: 01111111111100111001110001011000110011011101111110111010111010100110001100110010100010011010000000110011011011001000010010100100010
bits: 10011010000101001101100111101010101010000000010010101000010100000111010100110110000000000010001100011001110111101000101010100011111
bits: 10011010000101001101100111101010101010000000010010101000010100000111010100110110000000000010001100011001110111101000101010100011111
best: 0.26229508196721313
done evolving!
>>>>>>>>>>>>>>FINISH OPTIMIZATION>>>>>>>>>>>>>>>
